gpasm-0.13.3 beta               adc_display_bargraf.asm5-8-2009  14:57:52           PAGE  1


LOC  OBJECT CODE     LINE SOURCE TEXT
  VALUE
 
               00001 LIST            P=PIC16F627
               00002 #INCLUDE        "p16f627.inc"
               00001         LIST
               00002 ; P16F627.INC  Standard Header File, Version 1.01    Microchip Technology, Inc.
               00261         LIST
               00003 
002007 3F50    00004         __CONFIG        _BODEN_ON & _CP_OFF & _DATA_CP_OFF & _PWRTE_ON & _WDT_OFF & _LVP_OFF & _MCLRE_OFF & _INTRC_OSC_NOCLKOUT
               00005 bank0           macro
               00006                 bcf     STATUS,RP0
               00007                 endm
               00008 bank1           macro
               00009                 bsf     STATUS,RP0
               00010                 endm
               00011 
  00000050     00012 DISPLAY_TEMP1   equ   0x50
  00000051     00013 DISPLAY_RESULT_L        equ   0x51
  00000052     00014 DISPLAY_RESULT_H        equ   0x52
  00000000     00015 RA0             equ 0x00
  00000001     00016 RA1             equ 0x01
  00000002     00017 RA2             equ 0x02
  00000003     00018 RA3             equ 0x03
  00000004     00019 RA4             equ 0x04
  00000005     00020 RA5             equ 0x05
  00000006     00021 RA6             equ 0x06
  00000007     00022 RA7             equ 0x07
               00023 
  00000000     00024 RB0             equ 0x00
  00000001     00025 RB1             equ 0x01
  00000002     00026 RB2             equ 0x02
  00000003     00027 RB3             equ 0x03
  00000004     00028 RB4             equ 0x04
  00000005     00029 RB5             equ 0x05
  00000006     00030 RB6             equ 0x06
  00000007     00031 RB7             equ 0x07
               00032 
0000           00033                 org 0            ; Reset Vector
0000 2805      00034                 goto INIT
               00035 
0004           00036                 org 4            ; Interrupt Vector
0004 2891      00037                 goto COMP
0005           00038                 org 5
               00039 
0005           00040 INIT:           bank0
0005 1283          M                 bcf     STATUS,RP0
               00041 ;               movlw b'00001101'      ; zwei komparatoren
0006 3005      00042                 movlw b'00000101'       ; one comparator 
0007 009F      00043                 movwf CMCON
               00044 ;               movlw H'14'      ; 
0008 3004      00045                 movlw b'00000100'      ; Timer 1:
               00046                                         ; 0 - TMR1ON - 0(off)
               00047                                         ; 1 - TMR1CS - 0(off) 
               00048                                         ; 2 - /T1SYNC - 1(off)
               00049                                         ; 3 - T1OSCEN - 0(off)
               00050 
gpasm-0.13.3 beta               adc_display_bargraf.asm5-8-2009  14:57:52           PAGE  2


LOC  OBJECT CODE     LINE SOURCE TEXT
  VALUE
 
               00051                                         ; 4 - T1CKPS0 - 0 
               00052                                         ; 5 - T1CKPS1 - 0 ; 1:1 prescaler
               00053                                         ; 6 - - 0 
               00054                                         ; 7 - - 0 
               00055 
0009 0090      00056                 movwf T1CON      ; A 1 MHz clock is used
000A 0185      00057                 clrf PORTA
000B 0186      00058                 clrf PORTB
               00059                 bank1
000C 1683          M                 bsf     STATUS,RP0
Message [302] : Register in operand not in bank 0. Ensure bank bits are correct.
000D 0186      00060                 clrf TRISB
               00061 ;               movlw H'CF'      ; Enable Vref = 3.6v
               00062 ;               movwf VRCON
000E 178B      00063                 bsf INTCON,GIE   ; Enable Global Int
000F 170B      00064                 bsf INTCON,PEIE  ; Unmask Peripheral Int
               00065 
               00066 
0010           00067 MAIN:
               00068 
0010 2013      00069                 call CONVERT
0011 2031      00070                 call BARGRAF_DISPLAY
               00071 
0012 2810      00072                 goto MAIN
               00073 
               00074 ;-------------------------16bit ADC subroutine
               00075 
0013           00076 CONVERT:        
               00077                 bank0
0013 1283          M                 bcf     STATUS,RP0
0014 018E      00078                 clrf TMR1L       ; Clear Timer 1 L
0015 018F      00079                 clrf TMR1H       ; Clear Timer 1 H
               00080 
               00081                 bank1
0016 1683          M                 bsf     STATUS,RP0
0017 100C      00082                 bcf PIR1,TMR1IF
Message [302] : Register in operand not in bank 0. Ensure bank bits are correct.
0018 1505      00083                 bsf     TRISA,2  ; set RA2 as input
               00084 
0019           00085 DISCHARGE_COMPARATOR_CAP:
               00086                 bank1            ; Main program loop
0019 1683          M                 bsf     STATUS,RP0
Message [302] : Register in operand not in bank 0. Ensure bank bits are correct.
001A 1085      00087                 bcf TRISA,1      ; Set RA1 as output
               00088                 bank0
001B 1283          M                 bcf     STATUS,RP0
001C 1085      00089                 bcf PORTA,1      ; Discharge capacitor
001D 0000      00090                 nop             ; wait 200ns
               00091                 bank1           ; another 200ns. switch bank to 1
001E 1683          M                 bsf     STATUS,RP0
Message [302] : Register in operand not in bank 0. Ensure bank bits are correct.
001F 1485      00092                 bsf     TRISA,1  ; make RA1 input, 600ns
               00093                 bank0           ; switch back to bank0 . 
0020 1283          M                 bcf     STATUS,RP0
gpasm-0.13.3 beta               adc_display_bargraf.asm5-8-2009  14:57:52           PAGE  3


LOC  OBJECT CODE     LINE SOURCE TEXT
  VALUE
 
0021 1885      00094                 btfsc   PORTA,1  ;  make sure capacitor got discharged
0022 2819      00095                 goto    DISCHARGE_COMPARATOR_CAP ; if not, go back discharging it. 
               00096                                 ; else 
0023 130C      00097                 bcf PIR1,CMIF    ; Clear comp Int flag
               00098                 bank1
0024 1683          M                 bsf     STATUS,RP0
               00099 
               00100                                 ;               bsf TRISA,1      ; Reset RA1 as input,
               00101                                  ; cap starts charging 
               00102                                 
               00103                 bank0
0025 1283          M                 bcf     STATUS,RP0
0026 1410      00104                 bsf T1CON,TMR1ON ; Start Timer 1
0027 089F      00105                 movf CMCON,f     ; Read to sync output
               00106                 bank1
0028 1683          M                 bsf     STATUS,RP0
Message [302] : Register in operand not in bank 0. Ensure bank bits are correct.
0029 140C      00107                 bsf PIE1,TMR1IE  ;unmask TMR1 interrupt 
002A 0000      00108                 nop
Message [302] : Register in operand not in bank 0. Ensure bank bits are correct.
002B 170C      00109                 bsf PIE1,CMIE    ; Unmask Comp Int
               00110 
002C 0000      00111 WAIT:           nop
Message [302] : Register in operand not in bank 0. Ensure bank bits are correct.
002D 1B0C      00112                 btfsc PIE1,CMIE  ; Wait for comp Int
               00113                                 ; ie wait until Int
002E 282C      00114                 goto WAIT        ; Enable bit has been
               00115                                 ; cleared
002F           00116 GETDATA:                        ; Timer 1 contains
               00117                                 ; DATA (TMR1L TMR1H)
               00118 
               00119                 bank0
002F 1283          M                 bcf     STATUS,RP0
               00120 ;ifdef debug
               00121 ;               bsf  PORTB,4    ;debug, indicate successfull conversion
               00122 ;endif 
0030 0008      00123                 return
               00124 
               00125 ;-------------------------simple bargraf display subroutine
               00126 
0031           00127 BARGRAF_DISPLAY:
               00128                 bank0
0031 1283          M                 bcf     STATUS,RP0
0032 080E      00129                 movfw   TMR1L           ;we get only most significiant byte
0033 39F0      00130                 andlw   b'11110000'     ;and most significiant nibble
0034 00D0      00131                 movwf   DISPLAY_TEMP1   ;bit testing cannot operate on W
               00132 
               00133                 
0035 01D1      00134                 clrf    DISPLAY_RESULT_L   ;we clear last display result
0036 01D2      00135                 clrf    DISPLAY_RESULT_H  
               00136 
0037 1FD0      00137                 btfss   DISPLAY_TEMP1,7 ;if the '8' bit is set
0038 2851      00138                 goto    BIT_7_NOT
               00139                 
gpasm-0.13.3 beta               adc_display_bargraf.asm5-8-2009  14:57:52           PAGE  4


LOC  OBJECT CODE     LINE SOURCE TEXT
  VALUE
 
0039 1403      00140                 bsf     STATUS,C
Message [305] : Using default destination of 1 (file).
003A 0DD1      00141                 rlf     DISPLAY_RESULT_L
Message [305] : Using default destination of 1 (file).
003B 0DD2      00142                 rlf     DISPLAY_RESULT_H
003C 1403      00143                 bsf     STATUS,C
Message [305] : Using default destination of 1 (file).
003D 0DD1      00144                 rlf     DISPLAY_RESULT_L
Message [305] : Using default destination of 1 (file).
003E 0DD2      00145                 rlf     DISPLAY_RESULT_H
003F 1403      00146                 bsf     STATUS,C
Message [305] : Using default destination of 1 (file).
0040 0DD1      00147                 rlf     DISPLAY_RESULT_L
Message [305] : Using default destination of 1 (file).
0041 0DD2      00148                 rlf     DISPLAY_RESULT_H
0042 1403      00149                 bsf     STATUS,C
Message [305] : Using default destination of 1 (file).
0043 0DD1      00150                 rlf     DISPLAY_RESULT_L
Message [305] : Using default destination of 1 (file).
0044 0DD2      00151                 rlf     DISPLAY_RESULT_H
0045 1403      00152                 bsf     STATUS,C
Message [305] : Using default destination of 1 (file).
0046 0DD1      00153                 rlf     DISPLAY_RESULT_L
Message [305] : Using default destination of 1 (file).
0047 0DD2      00154                 rlf     DISPLAY_RESULT_H
0048 1403      00155                 bsf     STATUS,C
Message [305] : Using default destination of 1 (file).
0049 0DD1      00156                 rlf     DISPLAY_RESULT_L
Message [305] : Using default destination of 1 (file).
004A 0DD2      00157                 rlf     DISPLAY_RESULT_H
004B 1403      00158                 bsf     STATUS,C
Message [305] : Using default destination of 1 (file).
004C 0DD1      00159                 rlf     DISPLAY_RESULT_L
Message [305] : Using default destination of 1 (file).
004D 0DD2      00160                 rlf     DISPLAY_RESULT_H
004E 1403      00161                 bsf     STATUS,C
Message [305] : Using default destination of 1 (file).
004F 0DD1      00162                 rlf     DISPLAY_RESULT_L
Message [305] : Using default destination of 1 (file).
0050 0DD2      00163                 rlf     DISPLAY_RESULT_H
               00164                 
0051           00165 BIT_7_NOT:
0051 1F50      00166                 btfss   DISPLAY_TEMP1,6 ;if the '4' bit is set
0052 285F      00167                 goto    BIT_6_NOT
0053 1403      00168                 bsf     STATUS,C
Message [305] : Using default destination of 1 (file).
0054 0DD1      00169                 rlf     DISPLAY_RESULT_L
Message [305] : Using default destination of 1 (file).
0055 0DD2      00170                 rlf     DISPLAY_RESULT_H
0056 1403      00171                 bsf     STATUS,C
Message [305] : Using default destination of 1 (file).
0057 0DD1      00172                 rlf     DISPLAY_RESULT_L
Message [305] : Using default destination of 1 (file).
0058 0DD2      00173                 rlf     DISPLAY_RESULT_H
gpasm-0.13.3 beta               adc_display_bargraf.asm5-8-2009  14:57:52           PAGE  5


LOC  OBJECT CODE     LINE SOURCE TEXT
  VALUE
 
0059 1403      00174                 bsf     STATUS,C
Message [305] : Using default destination of 1 (file).
005A 0DD1      00175                 rlf     DISPLAY_RESULT_L
Message [305] : Using default destination of 1 (file).
005B 0DD2      00176                 rlf     DISPLAY_RESULT_H
005C 1403      00177                 bsf     STATUS,C
Message [305] : Using default destination of 1 (file).
005D 0DD1      00178                 rlf     DISPLAY_RESULT_L
Message [305] : Using default destination of 1 (file).
005E 0DD2      00179                 rlf     DISPLAY_RESULT_H
005F           00180 BIT_6_NOT:
               00181 
005F 1ED0      00182                 btfss   DISPLAY_TEMP1,5 ;if the '2' bit is set
0060 2867      00183                 goto    BIT_5_NOT
0061 1403      00184                 bsf     STATUS,C
Message [305] : Using default destination of 1 (file).
0062 0DD1      00185                 rlf     DISPLAY_RESULT_L
Message [305] : Using default destination of 1 (file).
0063 0DD2      00186                 rlf     DISPLAY_RESULT_H
0064 1403      00187                 bsf     STATUS,C
Message [305] : Using default destination of 1 (file).
0065 0DD1      00188                 rlf     DISPLAY_RESULT_L
Message [305] : Using default destination of 1 (file).
0066 0DD2      00189                 rlf     DISPLAY_RESULT_H
0067           00190 BIT_5_NOT:
               00191 
0067 1E50      00192                 btfss   DISPLAY_TEMP1,4 ;if the '1' bit is set
0068 286C      00193                 goto    BIT_4_NOT
0069 1403      00194                 bsf     STATUS,C
Message [305] : Using default destination of 1 (file).
006A 0DD1      00195                 rlf     DISPLAY_RESULT_L
Message [305] : Using default destination of 1 (file).
006B 0DD2      00196                 rlf     DISPLAY_RESULT_H
006C           00197 BIT_4_NOT:
               00198                 
               00199                 ;now 4 most significant bits can be displayed on a LED bar . 
               00200                 bank1
006C 1683          M                 bsf     STATUS,RP0
Message [302] : Register in operand not in bank 0. Ensure bank bits are correct.
006D 0186      00201                 clrf    TRISB ; we use PORTB configured as output for that
006E 0000      00202                 nop
Message [302] : Register in operand not in bank 0. Ensure bank bits are correct.
006F 1185      00203                 bcf     TRISA,RA3 ; as PORTB is 8 bit, RA3 will select more significant LED strip
0070 0000      00204                 nop
Message [302] : Register in operand not in bank 0. Ensure bank bits are correct.
0071 1005      00205                 bcf     TRISA,RA0 ; as PORTB is 8 BIT, RA0 will select less significant LED strip
0072 0000      00206                 nop
Message [302] : Register in operand not in bank 0. Ensure bank bits are correct.
0073 1205      00207                 bcf     TRISA,RA4 ; RA4 will be used for crude intensity adjustment. 
               00208                                 ; we set it as output and low and low, discharging 'intensity delay' capacitor,
               00209                                 ; which then is charged during delay loop via i.e. light sensor or potentiometer. 
               00210                 bank0 
0074 1283          M                 bcf     STATUS,RP0
0075 0186      00211                 clrf    PORTB ; switch off all LEDS .
gpasm-0.13.3 beta               adc_display_bargraf.asm5-8-2009  14:57:52           PAGE  6


LOC  OBJECT CODE     LINE SOURCE TEXT
  VALUE
 
               00212                                 ;1 used as output 'on' state is used because this way device 
               00213                                 ;can be extended to drive bipolar transistors. 
0076 1185      00214                 bcf     PORTA,RA3 ; more significant bar is off (output should drive 8x0.020mA NPN transistor)
0077 0000      00215                 nop
0078 1005      00216                 bcf     PORTA,RA0 ; less significant bar is off (output should drive 8x0.020mA NPN transistor)
0079 0000      00217                 nop
007A 1205      00218                 bcf     PORTA,RA4 ; discharge delay capacitor. 
               00219 
007B 0851      00220                 movfw   DISPLAY_RESULT_L        ; take the less significant result
007C 0086      00221                 movwf   PORTB                   ; out it to PORTB
007D 1405      00222                 bsf     PORTA,RA0               ; make current flow through LEDs
               00223                 bank1                           ; switch to bank1
007E 1683          M                 bsf     STATUS,RP0
Message [302] : Register in operand not in bank 0. Ensure bank bits are correct.
007F 1605      00224                 bsf     TRISA,RA4               ; tristate RA4 pin - capacitor starts charging
               00225                 bank0                           ; switch back to bank0 
0080 1283          M                 bcf     STATUS,RP0
0081           00226 INTENSITY_DELAY1:
0081 1E05      00227                 btfss   PORTA,RA4               ; check if delay capacitor got charged, skip if yes
0082 2881      00228                 goto    INTENSITY_DELAY1        ; if no, just wait for it to happen. 
               00229 
               00230                 bank1                           ; when done switch back to bank1
0083 1683          M                 bsf     STATUS,RP0
Message [302] : Register in operand not in bank 0. Ensure bank bits are correct.
0084 1205      00231                 bcf     TRISA,RA4               ; set RA4 as output again, this will discharge capacitor
               00232                 bank0                           ; return to bank0
0085 1283          M                 bcf     STATUS,RP0
0086 1005      00233                 bcf     PORTA,RA0               ; stop current flowing through LEDs
               00234 
0087 0852      00235                 movfw   DISPLAY_RESULT_H        ; take the more significant result
0088 0086      00236                 movwf   PORTB                   ; out it to PORTB
0089 1585      00237                 bsf     PORTA,RA3               ; make current flow through LEDs
               00238                 bank1                           ; switch to bank1
008A 1683          M                 bsf     STATUS,RP0
Message [302] : Register in operand not in bank 0. Ensure bank bits are correct.
008B 1605      00239                 bsf     TRISA,RA4               ; tristate RA4 pin - capacitor starts charging
               00240                 bank0                           ; switch back to bank0
008C 1283          M                 bcf     STATUS,RP0
008D           00241 INTENSITY_DELAY2:
008D 1E05      00242                 btfss   PORTA,RA4               ; check if delay capacitor got charged, skip if yes
008E 288D      00243                 goto    INTENSITY_DELAY2        ; if no, just wait for it to happen.
               00244 
008F 1185      00245                 bcf     PORTA,RA3               ; stop current flowing through leds
               00246                                                 ; now since all is done right, you may 
0090 0008      00247                 return
               00248 
               00249 
               00250 
               00251 
               00252 
               00253 
               00254 ;           Comparator Interrupt Service routine
               00255 
0091           00256 COMP:           bank0
gpasm-0.13.3 beta               adc_display_bargraf.asm5-8-2009  14:57:52           PAGE  7


LOC  OBJECT CODE     LINE SOURCE TEXT
  VALUE
 
0091 1283          M                 bcf     STATUS,RP0
0092 1010      00257                 bcf T1CON,TMR1ON ; Stop Timer 1
0093 130C      00258                 bcf PIR1,CMIF    ; Clear Interrupt flag
0094 0000      00259                 nop
0095 100C      00260                 bcf PIR1,TMR1IF
               00261                 bank1
0096 1683          M                 bsf     STATUS,RP0
Message [302] : Register in operand not in bank 0. Ensure bank bits are correct.
0097 130C      00262                 bcf PIE1,CMIE    ; Mask Comparator Int
0098 0000      00263                 nop
Message [302] : Register in operand not in bank 0. Ensure bank bits are correct.
0099 100C      00264                 bcf PIE1,TMR1IE
009A 0009      00265                 retfie 
gpasm-0.13.3 beta               adc_display_bargraf.asm5-8-2009  14:57:52           PAGE  8


SYMBOL TABLE
  LABEL                             VALUE 

ADEN                              00000003
BARGRAF_DISPLAY                   00000031
BIT_4_NOT                         0000006C
BIT_5_NOT                         00000067
BIT_6_NOT                         0000005F
BIT_7_NOT                         00000051
BRGH                              00000002
C                                 00000000
C1INV                             00000004
C1OUT                             00000006
C2INV                             00000005
C2OUT                             00000007
CCP1CON                           00000017
CCP1IE                            00000002
CCP1IF                            00000002
CCP1M0                            00000000
CCP1M1                            00000001
CCP1M2                            00000002
CCP1M3                            00000003
CCP1X                             00000005
CCP1Y                             00000004
CCPR1H                            00000016
CCPR1L                            00000015
CIS                               00000003
CM0                               00000000
CM1                               00000001
CM2                               00000002
CMCON                             0000001F
CMIE                              00000006
CMIF                              00000006
COMP                              00000091
CONVERT                           00000013
CREN                              00000004
CSRC                              00000007
DC                                00000001
DISCHARGE_COMPARATOR_CAP          00000019
DISPLAY_RESULT_H                  00000052
DISPLAY_RESULT_L                  00000051
DISPLAY_TEMP1                     00000050
EEADR                             0000009B
EECON1                            0000009C
EECON2                            0000009D
EEDATA                            0000009A
EEIE                              00000007
EEIF                              00000007
F                                 00000001
FERR                              00000002
FSR                               00000004
GETDATA                           0000002F
GIE                               00000007
INDF                              00000000
INIT                              00000005
INTCON                            0000000B
gpasm-0.13.3 beta               adc_display_bargraf.asm5-8-2009  14:57:52           PAGE  9


LOC  OBJECT CODE     LINE SOURCE TEXT
  VALUE
 
INTE                              00000004
INTEDG                            00000006
INTENSITY_DELAY1                  00000081
INTENSITY_DELAY2                  0000008D
INTF                              00000001
IRP                               00000007
MAIN                              00000010
NOT_BO                            00000000
NOT_BOD                           00000000
NOT_BOR                           00000000
NOT_PD                            00000003
NOT_POR                           00000001
NOT_RBPU                          00000007
NOT_T1SYNC                        00000002
NOT_TO                            00000004
OERR                              00000001
OPTION_REG                        00000081
OSCF                              00000003
PCL                               00000002
PCLATH                            0000000A
PCON                              0000008E
PEIE                              00000006
PIE1                              0000008C
PIR1                              0000000C
PORTA                             00000005
PORTB                             00000006
PR2                               00000092
PS0                               00000000
PS1                               00000001
PS2                               00000002
PSA                               00000003
RA0                               00000000
RA1                               00000001
RA2                               00000002
RA3                               00000003
RA4                               00000004
RA5                               00000005
RA6                               00000006
RA7                               00000007
RB0                               00000000
RB1                               00000001
RB2                               00000002
RB3                               00000003
RB4                               00000004
RB5                               00000005
RB6                               00000006
RB7                               00000007
RBIE                              00000003
RBIF                              00000000
RCIE                              00000005
RCIF                              00000005
RCREG                             0000001A
RCSTA                             00000018
RD                                00000000
gpasm-0.13.3 beta               adc_display_bargraf.asm5-8-2009  14:57:52           PAGE 10


LOC  OBJECT CODE     LINE SOURCE TEXT
  VALUE
 
RP0                               00000005
RP1                               00000006
RX9                               00000006
RX9D                              00000000
SPBRG                             00000099
SPEN                              00000007
SREN                              00000005
STATUS                            00000003
SYNC                              00000004
T0CS                              00000005
T0IE                              00000005
T0IF                              00000002
T0SE                              00000004
T1CKPS0                           00000004
T1CKPS1                           00000005
T1CON                             00000010
T1OSCEN                           00000003
T2CKPS0                           00000000
T2CKPS1                           00000001
T2CON                             00000012
TMR0                              00000001
TMR1CS                            00000001
TMR1H                             0000000F
TMR1IE                            00000000
TMR1IF                            00000000
TMR1L                             0000000E
TMR1ON                            00000000
TMR2                              00000011
TMR2IE                            00000001
TMR2IF                            00000001
TMR2ON                            00000002
TOUTPS0                           00000003
TOUTPS1                           00000004
TOUTPS2                           00000005
TOUTPS3                           00000006
TRISA                             00000085
TRISB                             00000086
TRMT                              00000001
TX9                               00000006
TX9D                              00000000
TXEN                              00000005
TXIE                              00000004
TXIF                              00000004
TXREG                             00000019
TXSTA                             00000098
VR0                               00000000
VR1                               00000001
VR2                               00000002
VR3                               00000003
VRCON                             0000009F
VREN                              00000007
VROE                              00000006
VRR                               00000005
W                                 00000000
gpasm-0.13.3 beta               adc_display_bargraf.asm5-8-2009  14:57:52           PAGE 11


LOC  OBJECT CODE     LINE SOURCE TEXT
  VALUE
 
WAIT                              0000002C
WR                                00000001
WREN                              00000002
WRERR                             00000003
Z                                 00000002
_BODEN_OFF                        00003FBF
_BODEN_ON                         00003FFF
_CP_50                            00002BFF
_CP_75                            000017FF
_CP_ALL                           000003FF
_CP_OFF                           00003FFF
_DATA_CP_OFF                      00003FFF
_DATA_CP_ON                       00003EFF
_ER_OSC_CLKOUT                    00003FFF
_ER_OSC_NOCLKOUT                  00003FFE
_EXTCLK_OSC                       00003FEF
_HS_OSC                           00003FEE
_INTRC_OSC_CLKOUT                 00003FFD
_INTRC_OSC_NOCLKOUT               00003FFC
_LP_OSC                           00003FEC
_LVP_OFF                          00003F7F
_LVP_ON                           00003FFF
_MCLRE_OFF                        00003FDF
_MCLRE_ON                         00003FFF
_PWRTE_OFF                        00003FFF
_PWRTE_ON                         00003FF7
_WDT_OFF                          00003FFB
_WDT_ON                           00003FFF
_XT_OSC                           00003FED
__16F627                          00000001


MEMORY USAGE MAP ('X' = Used,  '-' = Unused)

00000000 : X---XXXXXXXXXXXX XXXXXXXXXXXXXXXX XXXXXXXXXXXXXXXX XXXXXXXXXXXXXXXX
00000040 : XXXXXXXXXXXXXXXX XXXXXXXXXXXXXXXX XXXXXXXXXXXXXXXX XXXXXXXXXXXXXXXX
00000080 : XXXXXXXXXXXXXXXX XXXXXXXXXXX----- ---------------- ----------------
00002000 : -------X-------- ---------------- ---------------- ----------------

All other memory blocks unused.

Program Memory Words Used: 153


Errors   :       0
Warnings :       0 reported,       0 suppressed
Messages :      46 reported,       0 suppressed

