gpasm-0.13.3 beta               adc_display_bargraf_no_resistor_no_transistor.asm5-8-2009  17:32:55           PAGE  1


LOC  OBJECT CODE     LINE SOURCE TEXT
  VALUE
 
               00001 ; this is somewhat slower implementation of 16bit ADC + LED bar display. 
               00002 ; instead of turning all LEDs at once, it pulses each LED for RA4 RC defined delay.
               00003 ; this allows to use just one resistor , and as current flows via max one LED at a time, this allows aswell to get rid of 
               00004 ; external transistor. only required elements are two resistors, which are not really nessesary if one assumes that 
               00005 ; pulse current will be so short that no damage will happen to either LEDs or PIC transistors. 
               00006 
               00007 LIST            P=PIC16F627
               00008 #INCLUDE        "p16f627.inc"
               00001         LIST
               00002 ; P16F627.INC  Standard Header File, Version 1.01    Microchip Technology, Inc.
               00261         LIST
               00009 
002007 3F50    00010         __CONFIG        _BODEN_ON & _CP_OFF & _DATA_CP_OFF & _PWRTE_ON & _WDT_OFF & _LVP_OFF & _MCLRE_OFF & _INTRC_OSC_NOCLKOUT
               00011 bank0           macro
               00012                 bcf     STATUS,RP0
               00013                 endm
               00014 bank1           macro
               00015                 bsf     STATUS,RP0
               00016                 endm
               00017 
  00000050     00018 DISPLAY_TEMP1   equ   0x50
  00000051     00019 DISPLAY_RESULT_L        equ   0x51
  00000052     00020 DISPLAY_RESULT_H        equ   0x52
  00000000     00021 RA0             equ 0x00
  00000001     00022 RA1             equ 0x01
  00000002     00023 RA2             equ 0x02
  00000003     00024 RA3             equ 0x03
  00000004     00025 RA4             equ 0x04
  00000005     00026 RA5             equ 0x05
  00000006     00027 RA6             equ 0x06
  00000007     00028 RA7             equ 0x07
               00029 
  00000000     00030 RB0             equ 0x00
  00000001     00031 RB1             equ 0x01
  00000002     00032 RB2             equ 0x02
  00000003     00033 RB3             equ 0x03
  00000004     00034 RB4             equ 0x04
  00000005     00035 RB5             equ 0x05
  00000006     00036 RB6             equ 0x06
  00000007     00037 RB7             equ 0x07
               00038 
0000           00039                 org 0            ; Reset Vector
0000 2805      00040                 goto INIT
               00041 
0004           00042                 org 4            ; Interrupt Vector
0004 28CE      00043                 goto COMP
0005           00044                 org 5
               00045 
0005           00046 INIT:           bank0
0005 1283          M                 bcf     STATUS,RP0
               00047 ;               movlw b'00001101'      ; zwei komparatoren
0006 3005      00048                 movlw b'00000101'       ; one comparator 
0007 009F      00049                 movwf CMCON
               00050 ;               movlw H'14'      ; 
gpasm-0.13.3 beta               adc_display_bargraf_no_resistor_no_transistor.asm5-8-2009  17:32:55           PAGE  2


LOC  OBJECT CODE     LINE SOURCE TEXT
  VALUE
 
0008 3004      00051                 movlw b'00000100'      ; Timer 1:
               00052                                         ; 0 - TMR1ON - 0(off)
               00053                                         ; 1 - TMR1CS - 0(off) 
               00054                                         ; 2 - /T1SYNC - 1(off)
               00055                                         ; 3 - T1OSCEN - 0(off)
               00056 
               00057                                         ; 4 - T1CKPS0 - 0 
               00058                                         ; 5 - T1CKPS1 - 0 ; 1:1 prescaler
               00059                                         ; 6 - - 0 
               00060                                         ; 7 - - 0 
               00061 
0009 0090      00062                 movwf T1CON      ; A 1 MHz clock is used
000A 0185      00063                 clrf PORTA
000B 0186      00064                 clrf PORTB
               00065                 bank1
000C 1683          M                 bsf     STATUS,RP0
Message [302] : Register in operand not in bank 0. Ensure bank bits are correct.
000D 0186      00066                 clrf TRISB
               00067 ;               movlw H'CF'      ; Enable Vref = 3.6v
               00068 ;               movwf VRCON
000E 178B      00069                 bsf INTCON,GIE   ; Enable Global Int
000F 170B      00070                 bsf INTCON,PEIE  ; Unmask Peripheral Int
               00071 
               00072 
0010           00073 MAIN:
               00074 
0010 2013      00075                 call CONVERT
0011 2031      00076                 call BARGRAF_DISPLAY
               00077 
0012 2810      00078                 goto MAIN
               00079 
               00080 ;-------------------------16bit ADC subroutine
               00081 
0013           00082 CONVERT:        
               00083                 bank0
0013 1283          M                 bcf     STATUS,RP0
0014 018E      00084                 clrf TMR1L       ; Clear Timer 1 L
0015 018F      00085                 clrf TMR1H       ; Clear Timer 1 H
               00086 
               00087                 bank1
0016 1683          M                 bsf     STATUS,RP0
0017 100C      00088                 bcf PIR1,TMR1IF
Message [302] : Register in operand not in bank 0. Ensure bank bits are correct.
0018 1505      00089                 bsf     TRISA,2  ; set RA2 as input
               00090 
0019           00091 DISCHARGE_COMPARATOR_CAP:
               00092                 bank1            ; Main program loop
0019 1683          M                 bsf     STATUS,RP0
Message [302] : Register in operand not in bank 0. Ensure bank bits are correct.
001A 1085      00093                 bcf TRISA,1      ; Set RA1 as output
               00094                 bank0
001B 1283          M                 bcf     STATUS,RP0
001C 1085      00095                 bcf PORTA,1      ; Discharge capacitor
001D 0000      00096                 nop             ; wait 200ns
gpasm-0.13.3 beta               adc_display_bargraf_no_resistor_no_transistor.asm5-8-2009  17:32:55           PAGE  3


LOC  OBJECT CODE     LINE SOURCE TEXT
  VALUE
 
               00097                 bank1           ; another 200ns. switch bank to 1
001E 1683          M                 bsf     STATUS,RP0
Message [302] : Register in operand not in bank 0. Ensure bank bits are correct.
001F 1485      00098                 bsf     TRISA,1  ; make RA1 input, 600ns
               00099                 bank0           ; switch back to bank0 . 
0020 1283          M                 bcf     STATUS,RP0
0021 1885      00100                 btfsc   PORTA,1  ;  make sure capacitor got discharged
0022 2819      00101                 goto    DISCHARGE_COMPARATOR_CAP ; if not, go back discharging it. 
               00102                                 ; else 
0023 130C      00103                 bcf PIR1,CMIF    ; Clear comp Int flag
               00104                 bank1
0024 1683          M                 bsf     STATUS,RP0
               00105 
               00106                                 ;               bsf TRISA,1      ; Reset RA1 as input,
               00107                                  ; cap starts charging 
               00108                                 
               00109                 bank0
0025 1283          M                 bcf     STATUS,RP0
0026 1410      00110                 bsf T1CON,TMR1ON ; Start Timer 1
0027 089F      00111                 movf CMCON,f     ; Read to sync output
               00112                 bank1
0028 1683          M                 bsf     STATUS,RP0
Message [302] : Register in operand not in bank 0. Ensure bank bits are correct.
0029 140C      00113                 bsf PIE1,TMR1IE  ;unmask TMR1 interrupt 
002A 0000      00114                 nop
Message [302] : Register in operand not in bank 0. Ensure bank bits are correct.
002B 170C      00115                 bsf PIE1,CMIE    ; Unmask Comp Int
               00116 
002C 0000      00117 WAIT:           nop
Message [302] : Register in operand not in bank 0. Ensure bank bits are correct.
002D 1B0C      00118                 btfsc PIE1,CMIE  ; Wait for comp Int
               00119                                 ; ie wait until Int
002E 282C      00120                 goto WAIT        ; Enable bit has been
               00121                                 ; cleared
002F           00122 GETDATA:                        ; Timer 1 contains
               00123                                 ; DATA (TMR1L TMR1H)
               00124 
               00125                 bank0
002F 1283          M                 bcf     STATUS,RP0
               00126 ;ifdef debug
               00127 ;               bsf  PORTB,4    ;debug, indicate successfull conversion
               00128 ;endif 
0030 0008      00129                 return
               00130 
               00131 ;-------------------------simple bargraf display subroutine
               00132 
0031           00133 BARGRAF_DISPLAY:
               00134                 bank0
0031 1283          M                 bcf     STATUS,RP0
0032 080E      00135                 movfw   TMR1L           ;we get only most significiant byte
0033 39F8      00136                 andlw   b'11111000'     ;and most significiant nibble
0034 00D0      00137                 movwf   DISPLAY_TEMP1   ;bit testing cannot operate on W
               00138 
               00139                 
gpasm-0.13.3 beta               adc_display_bargraf_no_resistor_no_transistor.asm5-8-2009  17:32:55           PAGE  4


LOC  OBJECT CODE     LINE SOURCE TEXT
  VALUE
 
0035 01D1      00140                 clrf    DISPLAY_RESULT_L   ;we clear last display result
0036 01D2      00141                 clrf    DISPLAY_RESULT_H  
               00142 
0037 1FD0      00143                 btfss   DISPLAY_TEMP1,7 ; if the '8' bit is set
0038 283D      00144                 goto    BIT_7_NOT
               00145                 
0039 30FF      00146                 movlw   b'11111111'
003A 00D1      00147                 movwf   DISPLAY_RESULT_L
003B 00D2      00148                 movwf   DISPLAY_RESULT_H
003C 2872      00149                 goto    BIT_3_NOT ;if 7bit is set, it means '16'. 
               00150 
003D           00151 BIT_7_NOT
003D 1F50      00152                 btfss   DISPLAY_TEMP1,6 ;if the '8' bit is set
003E 2857      00153                 goto    BIT_6_NOT
               00154                 
003F 1403      00155                 bsf     STATUS,C
Message [305] : Using default destination of 1 (file).
0040 0DD1      00156                 rlf     DISPLAY_RESULT_L
Message [305] : Using default destination of 1 (file).
0041 0DD2      00157                 rlf     DISPLAY_RESULT_H
0042 1403      00158                 bsf     STATUS,C
Message [305] : Using default destination of 1 (file).
0043 0DD1      00159                 rlf     DISPLAY_RESULT_L
Message [305] : Using default destination of 1 (file).
0044 0DD2      00160                 rlf     DISPLAY_RESULT_H
0045 1403      00161                 bsf     STATUS,C
Message [305] : Using default destination of 1 (file).
0046 0DD1      00162                 rlf     DISPLAY_RESULT_L
Message [305] : Using default destination of 1 (file).
0047 0DD2      00163                 rlf     DISPLAY_RESULT_H
0048 1403      00164                 bsf     STATUS,C
Message [305] : Using default destination of 1 (file).
0049 0DD1      00165                 rlf     DISPLAY_RESULT_L
Message [305] : Using default destination of 1 (file).
004A 0DD2      00166                 rlf     DISPLAY_RESULT_H
004B 1403      00167                 bsf     STATUS,C
Message [305] : Using default destination of 1 (file).
004C 0DD1      00168                 rlf     DISPLAY_RESULT_L
Message [305] : Using default destination of 1 (file).
004D 0DD2      00169                 rlf     DISPLAY_RESULT_H
004E 1403      00170                 bsf     STATUS,C
Message [305] : Using default destination of 1 (file).
004F 0DD1      00171                 rlf     DISPLAY_RESULT_L
Message [305] : Using default destination of 1 (file).
0050 0DD2      00172                 rlf     DISPLAY_RESULT_H
0051 1403      00173                 bsf     STATUS,C
Message [305] : Using default destination of 1 (file).
0052 0DD1      00174                 rlf     DISPLAY_RESULT_L
Message [305] : Using default destination of 1 (file).
0053 0DD2      00175                 rlf     DISPLAY_RESULT_H
0054 1403      00176                 bsf     STATUS,C
Message [305] : Using default destination of 1 (file).
0055 0DD1      00177                 rlf     DISPLAY_RESULT_L
Message [305] : Using default destination of 1 (file).
gpasm-0.13.3 beta               adc_display_bargraf_no_resistor_no_transistor.asm5-8-2009  17:32:55           PAGE  5


LOC  OBJECT CODE     LINE SOURCE TEXT
  VALUE
 
0056 0DD2      00178                 rlf     DISPLAY_RESULT_H
               00179                 
0057           00180 BIT_6_NOT:
0057 1ED0      00181                 btfss   DISPLAY_TEMP1,5 ;if the '4' bit is set
0058 2865      00182                 goto    BIT_5_NOT
0059 1403      00183                 bsf     STATUS,C
Message [305] : Using default destination of 1 (file).
005A 0DD1      00184                 rlf     DISPLAY_RESULT_L
Message [305] : Using default destination of 1 (file).
005B 0DD2      00185                 rlf     DISPLAY_RESULT_H
005C 1403      00186                 bsf     STATUS,C
Message [305] : Using default destination of 1 (file).
005D 0DD1      00187                 rlf     DISPLAY_RESULT_L
Message [305] : Using default destination of 1 (file).
005E 0DD2      00188                 rlf     DISPLAY_RESULT_H
005F 1403      00189                 bsf     STATUS,C
Message [305] : Using default destination of 1 (file).
0060 0DD1      00190                 rlf     DISPLAY_RESULT_L
Message [305] : Using default destination of 1 (file).
0061 0DD2      00191                 rlf     DISPLAY_RESULT_H
0062 1403      00192                 bsf     STATUS,C
Message [305] : Using default destination of 1 (file).
0063 0DD1      00193                 rlf     DISPLAY_RESULT_L
Message [305] : Using default destination of 1 (file).
0064 0DD2      00194                 rlf     DISPLAY_RESULT_H
0065           00195 BIT_5_NOT:
               00196 
0065 1E50      00197                 btfss   DISPLAY_TEMP1,4 ;if the '2' bit is set
0066 286D      00198                 goto    BIT_4_NOT
0067 1403      00199                 bsf     STATUS,C
Message [305] : Using default destination of 1 (file).
0068 0DD1      00200                 rlf     DISPLAY_RESULT_L
Message [305] : Using default destination of 1 (file).
0069 0DD2      00201                 rlf     DISPLAY_RESULT_H
006A 1403      00202                 bsf     STATUS,C
Message [305] : Using default destination of 1 (file).
006B 0DD1      00203                 rlf     DISPLAY_RESULT_L
Message [305] : Using default destination of 1 (file).
006C 0DD2      00204                 rlf     DISPLAY_RESULT_H
006D           00205 BIT_4_NOT:
               00206 
006D 1DD0      00207                 btfss   DISPLAY_TEMP1,3 ;if the '1' bit is set
006E 2872      00208                 goto    BIT_3_NOT
006F 1403      00209                 bsf     STATUS,C
Message [305] : Using default destination of 1 (file).
0070 0DD1      00210                 rlf     DISPLAY_RESULT_L
Message [305] : Using default destination of 1 (file).
0071 0DD2      00211                 rlf     DISPLAY_RESULT_H
0072           00212 BIT_3_NOT:
               00213                 
               00214                 ;now 4 most significant bits can be displayed on a LED bar . 
               00215                 bank1
0072 1683          M                 bsf     STATUS,RP0
Message [302] : Register in operand not in bank 0. Ensure bank bits are correct.
gpasm-0.13.3 beta               adc_display_bargraf_no_resistor_no_transistor.asm5-8-2009  17:32:55           PAGE  6


LOC  OBJECT CODE     LINE SOURCE TEXT
  VALUE
 
0073 0186      00216                 clrf    TRISB ; we use PORTB configured as output for that
0074 0000      00217                 nop
Message [302] : Register in operand not in bank 0. Ensure bank bits are correct.
0075 1185      00218                 bcf     TRISA,RA3 ; as PORTB is 8 bit, RA3 will select more significant LED strip
0076 0000      00219                 nop
Message [302] : Register in operand not in bank 0. Ensure bank bits are correct.
0077 1005      00220                 bcf     TRISA,RA0 ; as PORTB is 8 BIT, RA0 will select less significant LED strip
0078 0000      00221                 nop
Message [302] : Register in operand not in bank 0. Ensure bank bits are correct.
0079 1205      00222                 bcf     TRISA,RA4 ; RA4 will be used for crude intensity adjustment. 
               00223                                 ; we set it as output and low and low, discharging 'intensity delay' capacitor,
               00224                                 ; which then is charged during delay loop via i.e. light sensor or potentiometer. 
               00225                 bank0 
007A 1283          M                 bcf     STATUS,RP0
007B 0186      00226                 clrf    PORTB ; switch off all LEDS .
               00227                                 ;1 used as output 'on' state is used because this way device 
               00228                                 ;can be extended to drive bipolar transistors. 
007C 1585      00229                 bsf     PORTA,RA3 ; more significant bar is off (LED cathodes connect to RA3 via resistor) 
007D 0000      00230                 nop
007E 1405      00231                 bsf     PORTA,RA0 ; less significant bar is off (LED cathodes connect to RA0 via resistor) 
007F 0000      00232                 nop
0080 1205      00233                 bcf     PORTA,RA4 ; discharge delay capacitor. 
               00234 
               00235                                 
0081 1005      00236                 bcf     PORTA,RA0 ; les significant byte first 
               00237 
               00238                                         ;simple magic - check bit in display result, and switch on same bit of PORTB
               00239                                         ;calling intensity delay, then clear, and so on
0082 1851      00240                 btfsc   DISPLAY_RESULT_L,0
0083 1406      00241                 bsf     PORTB,0
0084 20C5      00242                 call    INTENSITY_DELAY
0085 0186      00243                 clrf    PORTB
0086 18D1      00244                 btfsc   DISPLAY_RESULT_L,1
0087 1486      00245                 bsf     PORTB,1
0088 20C5      00246                 call    INTENSITY_DELAY
0089 0186      00247                 clrf    PORTB
008A 1951      00248                 btfsc   DISPLAY_RESULT_L,2
008B 1506      00249                 bsf     PORTB,2
008C 20C5      00250                 call    INTENSITY_DELAY
008D 0186      00251                 clrf    PORTB
008E 19D1      00252                 btfsc   DISPLAY_RESULT_L,3
008F 1586      00253                 bsf     PORTB,3
0090 20C5      00254                 call    INTENSITY_DELAY
0091 0186      00255                 clrf    PORTB
0092 1A51      00256                 btfsc   DISPLAY_RESULT_L,4
0093 1606      00257                 bsf     PORTB,4
0094 20C5      00258                 call    INTENSITY_DELAY
0095 0186      00259                 clrf    PORTB
0096 1AD1      00260                 btfsc   DISPLAY_RESULT_L,5
0097 1686      00261                 bsf     PORTB,5
0098 20C5      00262                 call    INTENSITY_DELAY
0099 0186      00263                 clrf    PORTB
009A 1B51      00264                 btfsc   DISPLAY_RESULT_L,6
009B 1706      00265                 bsf     PORTB,6
gpasm-0.13.3 beta               adc_display_bargraf_no_resistor_no_transistor.asm5-8-2009  17:32:55           PAGE  7


LOC  OBJECT CODE     LINE SOURCE TEXT
  VALUE
 
009C 20C5      00266                 call    INTENSITY_DELAY
009D 0186      00267                 clrf    PORTB
009E 1BD1      00268                 btfsc   DISPLAY_RESULT_L,7
009F 1786      00269                 bsf     PORTB,7
00A0 20C5      00270                 call    INTENSITY_DELAY
00A1 0186      00271                 clrf    PORTB
               00272 
00A2 1405      00273                 bsf     PORTA,RA0       ; less significant byte off
00A3 1185      00274                 bcf     PORTA,RA3       ; more significant byte on
               00275 
               00276                                         ; same simple magic - check bit in display result, and switch on same bit of PORTB
               00277                                         ;calling intensity delay, then clear, and so on
00A4 1852      00278                 btfsc   DISPLAY_RESULT_H,0
00A5 1406      00279                 bsf     PORTB,0
00A6 20C5      00280                 call    INTENSITY_DELAY
00A7 0186      00281                 clrf    PORTB
00A8 18D2      00282                 btfsc   DISPLAY_RESULT_H,1
00A9 1486      00283                 bsf     PORTB,1
00AA 20C5      00284                 call    INTENSITY_DELAY
00AB 0186      00285                 clrf    PORTB
00AC 1952      00286                 btfsc   DISPLAY_RESULT_H,2
00AD 1506      00287                 bsf     PORTB,2
00AE 20C5      00288                 call    INTENSITY_DELAY
00AF 0186      00289                 clrf    PORTB
00B0 19D2      00290                 btfsc   DISPLAY_RESULT_H,3
00B1 1586      00291                 bsf     PORTB,3
00B2 20C5      00292                 call    INTENSITY_DELAY
00B3 0186      00293                 clrf    PORTB
00B4 1A52      00294                 btfsc   DISPLAY_RESULT_H,4
00B5 1606      00295                 bsf     PORTB,4
00B6 20C5      00296                 call    INTENSITY_DELAY
00B7 0186      00297                 clrf    PORTB
00B8 1AD2      00298                 btfsc   DISPLAY_RESULT_H,5
00B9 1686      00299                 bsf     PORTB,5
00BA 20C5      00300                 call    INTENSITY_DELAY
00BB 0186      00301                 clrf    PORTB
00BC 1B52      00302                 btfsc   DISPLAY_RESULT_H,6
00BD 1706      00303                 bsf     PORTB,6
00BE 20C5      00304                 call    INTENSITY_DELAY
00BF 0186      00305                 clrf    PORTB
00C0 1BD2      00306                 btfsc   DISPLAY_RESULT_H,7
00C1 1786      00307                 bsf     PORTB,7
00C2 20C5      00308                 call    INTENSITY_DELAY
00C3 0186      00309                 clrf    PORTB
               00310 
00C4 0008      00311                 return 
               00312 
               00313 
00C5           00314 INTENSITY_DELAY:
               00315                 bank1
00C5 1683          M                 bsf     STATUS,RP0
Message [302] : Register in operand not in bank 0. Ensure bank bits are correct.
00C6 1605      00316                 bsf     TRISA,RA4               ; tristate RA4 pin - capacitor starts charging
               00317                 bank0                           ; switch back to bank0 
gpasm-0.13.3 beta               adc_display_bargraf_no_resistor_no_transistor.asm5-8-2009  17:32:55           PAGE  8


LOC  OBJECT CODE     LINE SOURCE TEXT
  VALUE
 
00C7 1283          M                 bcf     STATUS,RP0
00C8           00318 INTENSITY_DELAY1:
00C8 1E05      00319                 btfss   PORTA,RA4               ; check if delay capacitor got charged, skip if yes
00C9 28C8      00320                 goto    INTENSITY_DELAY1        ; if no, just wait for it to happen. 
               00321 
               00322                 bank1                           ; when done switch back to bank1
00CA 1683          M                 bsf     STATUS,RP0
Message [302] : Register in operand not in bank 0. Ensure bank bits are correct.
00CB 1205      00323                 bcf     TRISA,RA4               ; set RA4 as output again, this will discharge capacitor
               00324                 bank0
00CC 1283          M                 bcf     STATUS,RP0
00CD 0008      00325                 return
               00326 
               00327 
               00328 
               00329 
               00330 
               00331 
               00332 ;           Comparator Interrupt Service routine
               00333 
00CE           00334 COMP:           bank0
00CE 1283          M                 bcf     STATUS,RP0
00CF 1010      00335                 bcf T1CON,TMR1ON ; Stop Timer 1
00D0 130C      00336                 bcf PIR1,CMIF    ; Clear Interrupt flag
00D1 0000      00337                 nop
00D2 100C      00338                 bcf PIR1,TMR1IF
               00339                 bank1
00D3 1683          M                 bsf     STATUS,RP0
Message [302] : Register in operand not in bank 0. Ensure bank bits are correct.
00D4 130C      00340                 bcf PIE1,CMIE    ; Mask Comparator Int
00D5 0000      00341                 nop
Message [302] : Register in operand not in bank 0. Ensure bank bits are correct.
00D6 100C      00342                 bcf PIE1,TMR1IE
00D7 0009      00343                 retfie 
gpasm-0.13.3 beta               adc_display_bargraf_no_resistor_no_transistor.asm5-8-2009  17:32:55           PAGE  9


SYMBOL TABLE
  LABEL                             VALUE 

ADEN                              00000003
BARGRAF_DISPLAY                   00000031
BIT_3_NOT                         00000072
BIT_4_NOT                         0000006D
BIT_5_NOT                         00000065
BIT_6_NOT                         00000057
BIT_7_NOT                         0000003D
BRGH                              00000002
C                                 00000000
C1INV                             00000004
C1OUT                             00000006
C2INV                             00000005
C2OUT                             00000007
CCP1CON                           00000017
CCP1IE                            00000002
CCP1IF                            00000002
CCP1M0                            00000000
CCP1M1                            00000001
CCP1M2                            00000002
CCP1M3                            00000003
CCP1X                             00000005
CCP1Y                             00000004
CCPR1H                            00000016
CCPR1L                            00000015
CIS                               00000003
CM0                               00000000
CM1                               00000001
CM2                               00000002
CMCON                             0000001F
CMIE                              00000006
CMIF                              00000006
COMP                              000000CE
CONVERT                           00000013
CREN                              00000004
CSRC                              00000007
DC                                00000001
DISCHARGE_COMPARATOR_CAP          00000019
DISPLAY_RESULT_H                  00000052
DISPLAY_RESULT_L                  00000051
DISPLAY_TEMP1                     00000050
EEADR                             0000009B
EECON1                            0000009C
EECON2                            0000009D
EEDATA                            0000009A
EEIE                              00000007
EEIF                              00000007
F                                 00000001
FERR                              00000002
FSR                               00000004
GETDATA                           0000002F
GIE                               00000007
INDF                              00000000
INIT                              00000005
gpasm-0.13.3 beta               adc_display_bargraf_no_resistor_no_transistor.asm5-8-2009  17:32:55           PAGE 10


LOC  OBJECT CODE     LINE SOURCE TEXT
  VALUE
 
INTCON                            0000000B
INTE                              00000004
INTEDG                            00000006
INTENSITY_DELAY                   000000C5
INTENSITY_DELAY1                  000000C8
INTF                              00000001
IRP                               00000007
MAIN                              00000010
NOT_BO                            00000000
NOT_BOD                           00000000
NOT_BOR                           00000000
NOT_PD                            00000003
NOT_POR                           00000001
NOT_RBPU                          00000007
NOT_T1SYNC                        00000002
NOT_TO                            00000004
OERR                              00000001
OPTION_REG                        00000081
OSCF                              00000003
PCL                               00000002
PCLATH                            0000000A
PCON                              0000008E
PEIE                              00000006
PIE1                              0000008C
PIR1                              0000000C
PORTA                             00000005
PORTB                             00000006
PR2                               00000092
PS0                               00000000
PS1                               00000001
PS2                               00000002
PSA                               00000003
RA0                               00000000
RA1                               00000001
RA2                               00000002
RA3                               00000003
RA4                               00000004
RA5                               00000005
RA6                               00000006
RA7                               00000007
RB0                               00000000
RB1                               00000001
RB2                               00000002
RB3                               00000003
RB4                               00000004
RB5                               00000005
RB6                               00000006
RB7                               00000007
RBIE                              00000003
RBIF                              00000000
RCIE                              00000005
RCIF                              00000005
RCREG                             0000001A
RCSTA                             00000018
gpasm-0.13.3 beta               adc_display_bargraf_no_resistor_no_transistor.asm5-8-2009  17:32:55           PAGE 11


LOC  OBJECT CODE     LINE SOURCE TEXT
  VALUE
 
RD                                00000000
RP0                               00000005
RP1                               00000006
RX9                               00000006
RX9D                              00000000
SPBRG                             00000099
SPEN                              00000007
SREN                              00000005
STATUS                            00000003
SYNC                              00000004
T0CS                              00000005
T0IE                              00000005
T0IF                              00000002
T0SE                              00000004
T1CKPS0                           00000004
T1CKPS1                           00000005
T1CON                             00000010
T1OSCEN                           00000003
T2CKPS0                           00000000
T2CKPS1                           00000001
T2CON                             00000012
TMR0                              00000001
TMR1CS                            00000001
TMR1H                             0000000F
TMR1IE                            00000000
TMR1IF                            00000000
TMR1L                             0000000E
TMR1ON                            00000000
TMR2                              00000011
TMR2IE                            00000001
TMR2IF                            00000001
TMR2ON                            00000002
TOUTPS0                           00000003
TOUTPS1                           00000004
TOUTPS2                           00000005
TOUTPS3                           00000006
TRISA                             00000085
TRISB                             00000086
TRMT                              00000001
TX9                               00000006
TX9D                              00000000
TXEN                              00000005
TXIE                              00000004
TXIF                              00000004
TXREG                             00000019
TXSTA                             00000098
VR0                               00000000
VR1                               00000001
VR2                               00000002
VR3                               00000003
VRCON                             0000009F
VREN                              00000007
VROE                              00000006
VRR                               00000005
gpasm-0.13.3 beta               adc_display_bargraf_no_resistor_no_transistor.asm5-8-2009  17:32:55           PAGE 12


LOC  OBJECT CODE     LINE SOURCE TEXT
  VALUE
 
W                                 00000000
WAIT                              0000002C
WR                                00000001
WREN                              00000002
WRERR                             00000003
Z                                 00000002
_BODEN_OFF                        00003FBF
_BODEN_ON                         00003FFF
_CP_50                            00002BFF
_CP_75                            000017FF
_CP_ALL                           000003FF
_CP_OFF                           00003FFF
_DATA_CP_OFF                      00003FFF
_DATA_CP_ON                       00003EFF
_ER_OSC_CLKOUT                    00003FFF
_ER_OSC_NOCLKOUT                  00003FFE
_EXTCLK_OSC                       00003FEF
_HS_OSC                           00003FEE
_INTRC_OSC_CLKOUT                 00003FFD
_INTRC_OSC_NOCLKOUT               00003FFC
_LP_OSC                           00003FEC
_LVP_OFF                          00003F7F
_LVP_ON                           00003FFF
_MCLRE_OFF                        00003FDF
_MCLRE_ON                         00003FFF
_PWRTE_OFF                        00003FFF
_PWRTE_ON                         00003FF7
_WDT_OFF                          00003FFB
_WDT_ON                           00003FFF
_XT_OSC                           00003FED
__16F627                          00000001


MEMORY USAGE MAP ('X' = Used,  '-' = Unused)

00000000 : X---XXXXXXXXXXXX XXXXXXXXXXXXXXXX XXXXXXXXXXXXXXXX XXXXXXXXXXXXXXXX
00000040 : XXXXXXXXXXXXXXXX XXXXXXXXXXXXXXXX XXXXXXXXXXXXXXXX XXXXXXXXXXXXXXXX
00000080 : XXXXXXXXXXXXXXXX XXXXXXXXXXXXXXXX XXXXXXXXXXXXXXXX XXXXXXXXXXXXXXXX
000000c0 : XXXXXXXXXXXXXXXX XXXXXXXX-------- ---------------- ----------------
00002000 : -------X-------- ---------------- ---------------- ----------------

All other memory blocks unused.

Program Memory Words Used: 214


Errors   :       0
Warnings :       0 reported,       0 suppressed
Messages :      45 reported,       0 suppressed

