gpasm-0.13.3 beta               adc_display_24LED_bargraf_no_resistor_no_transistor_external_20mhz_serial_IO_high_intensity_version.asm5-23-2009  21:01:24          PAGE  1


LOC  OBJECT CODE     LINE SOURCE TEXT
  VALUE
 
               00001 ; this is somewhat slower implementation of 16bit ADC + LED bar display. 
               00002 ; instead of turning all LEDs at once, it pulses each LED for a predefined period of time.
               00003 ; this allows to use just one resistor , and as current flows via max one LED at a time, this allows aswell to get rid of 
               00004 ; external transistor. only required elements are two resistors, which are not really nessesary if one assumes that 
               00005 ; pulse current will be so short that no damage will happen to either LEDs or PIC transistors. 
               00006 
               00007 ; TODO : make RA5 useable for something. 
               00008 ; TODO : implement WDT to powerdown mode etc.
               00009 ; RA4 is OC type, and the code measures how long it takes for it to return to 1 after 0'ing. 
               00010 ; connecting _small_ capacitor and large potentiometer is recommended if you want intensity knob.
               00011 ; if you want to save parts - just put a pullup resistor of i.e. 1mohm , 100kohm, etc can be used. 
               00012 ; as meter will wait to infinity if there is no 1 on the pin, it can be also used for powerdown mode. 
               00013 ;
               00014 ; this 'high intensity' version introduces very long delay, so no additional cap is needed for RA4 to 
               00015 ; reach full brightness. if large cap is used, delay can get very long, and visible strobing and even circling
               00016 ; is visible. i've preserved it without clamping for special effects purpose :)
               00017 
               00018 ; 
               00019 
               00020 LIST            P=PIC16F627
               00021 #INCLUDE        "p16f627.inc"
               00001         LIST
               00002 ; P16F627.INC  Standard Header File, Version 1.01    Microchip Technology, Inc.
               00261         LIST
               00022 
               00023 ;        __CONFIG        _BODEN_ON & _CP_OFF & _DATA_CP_OFF & _PWRTE_ON & _WDT_OFF & _LVP_OFF & _MCLRE_OFF & _INTRC_OSC_NOCLKOUT
002007 3F42    00024         __CONFIG        _BODEN_ON & _CP_OFF & _DATA_CP_OFF & _PWRTE_ON & _WDT_OFF & _LVP_OFF & _MCLRE_OFF & _HS_OSC
               00025 
               00026 bank0           macro
               00027                 bcf     STATUS,RP0
               00028                 endm
               00029 bank1           macro
               00030                 bsf     STATUS,RP0
               00031                 endm
               00032 
  00000050     00033 DISPLAY_TEMP1   equ   0x50
  00000051     00034 DISPLAY_RESULT_1        equ   0x51
  00000052     00035 DISPLAY_RESULT_2        equ   0x52
  00000053     00036 DISPLAY_RESULT_3        equ   0x53
  00000054     00037 DISPLAY_RESULT_4        equ   0x54
  00000055     00038 INTENSITY_KNOB          equ     0x55
  00000056     00039 DELAY                   equ     0x56
  00000057     00040 DELAY2                  equ     0x57
  00000000     00041 RA0             equ 0x00
  00000001     00042 RA1             equ 0x01
  00000002     00043 RA2             equ 0x02
  00000003     00044 RA3             equ 0x03
  00000004     00045 RA4             equ 0x04
  00000005     00046 RA5             equ 0x05
  00000006     00047 RA6             equ 0x06
  00000007     00048 RA7             equ 0x07
               00049 
  00000000     00050 RB0             equ 0x00
  00000001     00051 RB1             equ 0x01
gpasm-0.13.3 beta               adc_display_24LED_bargraf_no_resistor_no_transistor_external_20mhz_serial_IO_high_intensity_version.asm5-23-2009  21:01:24          PAGE  2


LOC  OBJECT CODE     LINE SOURCE TEXT
  VALUE
 
  00000002     00052 RB2             equ 0x02
  00000003     00053 RB3             equ 0x03
  00000004     00054 RB4             equ 0x04
  00000005     00055 RB5             equ 0x05
  00000006     00056 RB6             equ 0x06
  00000007     00057 RB7             equ 0x07
               00058 
0000           00059                 org 0            ; Reset Vector
0000 2805      00060                 goto INIT
               00061 
0004           00062                 org 4            ; Interrupt Vector
0004 2977      00063                 goto COMP
0005           00064                 org 5
               00065 
0005           00066 INIT:           bank0
0005 1283          M                 bcf     STATUS,RP0
               00067 ;               movlw b'00001101'      ; zwei komparatoren
0006 3005      00068                 movlw b'00000101'       ; one comparator 
0007 009F      00069                 movwf CMCON
               00070 ;               movlw H'14'      ; 
0008 3004      00071                 movlw b'00000100'      ; Timer 1:
               00072                                         ; 0 - TMR1ON - 0(off)
               00073                                         ; 1 - TMR1CS - 0(off) 
               00074                                         ; 2 - /T1SYNC - 1(off)
               00075                                         ; 3 - T1OSCEN - 0(off)
               00076 
               00077                                         ; 4 - T1CKPS0 - 0 
               00078                                         ; 5 - T1CKPS1 - 0 ; 1:1 prescaler
               00079                                         ; 6 - - 0 
               00080                                         ; 7 - - 0 
               00081 
0009 0090      00082                 movwf T1CON      ; A 1 MHz clock is used
000A 0185      00083                 clrf PORTA
000B 0186      00084                 clrf PORTB
               00085                 bank1
000C 1683          M                 bsf     STATUS,RP0
Message [302] : Register in operand not in bank 0. Ensure bank bits are correct.
000D 0186      00086                 clrf TRISB
               00087 ;               movlw H'CF'      ; Enable Vref = 3.6v
               00088 ;               movwf VRCON
000E 178B      00089                 bsf INTCON,GIE   ; Enable Global Int
000F 170B      00090                 bsf INTCON,PEIE  ; Unmask Peripheral Int
               00091 
               00092 
0010           00093 MAIN:
               00094 
0010 2013      00095                 call CONVERT
0011 2031      00096                 call BARGRAF_DISPLAY
               00097 
0012 2810      00098                 goto MAIN
               00099 
               00100 ;-------------------------16bit ADC subroutine
               00101 
0013           00102 CONVERT:        
gpasm-0.13.3 beta               adc_display_24LED_bargraf_no_resistor_no_transistor_external_20mhz_serial_IO_high_intensity_version.asm5-23-2009  21:01:24          PAGE  3


LOC  OBJECT CODE     LINE SOURCE TEXT
  VALUE
 
               00103                 bank0
0013 1283          M                 bcf     STATUS,RP0
0014 018E      00104                 clrf TMR1L       ; Clear Timer 1 L
0015 018F      00105                 clrf TMR1H       ; Clear Timer 1 H
               00106 
               00107                 bank1
0016 1683          M                 bsf     STATUS,RP0
0017 100C      00108                 bcf PIR1,TMR1IF
Message [302] : Register in operand not in bank 0. Ensure bank bits are correct.
0018 1505      00109                 bsf     TRISA,2  ; set RA2 as input
               00110 
0019           00111 DISCHARGE_COMPARATOR_CAP:
               00112                 bank1            ; Main program loop
0019 1683          M                 bsf     STATUS,RP0
Message [302] : Register in operand not in bank 0. Ensure bank bits are correct.
001A 1085      00113                 bcf TRISA,1      ; Set RA1 as output
               00114                 bank0
001B 1283          M                 bcf     STATUS,RP0
001C 1085      00115                 bcf PORTA,1      ; Discharge capacitor
001D 0000      00116                 nop             ; wait 200ns
               00117                 bank1           ; another 200ns. switch bank to 1
001E 1683          M                 bsf     STATUS,RP0
Message [302] : Register in operand not in bank 0. Ensure bank bits are correct.
001F 1485      00118                 bsf     TRISA,1  ; make RA1 input, 600ns
               00119                 bank0           ; switch back to bank0 . 
0020 1283          M                 bcf     STATUS,RP0
0021 1885      00120                 btfsc   PORTA,1  ;  make sure capacitor got discharged
0022 2819      00121                 goto    DISCHARGE_COMPARATOR_CAP ; if not, go back discharging it. 
               00122                                 ; else 
0023 130C      00123                 bcf PIR1,CMIF    ; Clear comp Int flag
               00124                 bank1
0024 1683          M                 bsf     STATUS,RP0
               00125 
               00126                                 ;               bsf TRISA,1      ; Reset RA1 as input,
               00127                                  ; cap starts charging 
               00128                                 
               00129                 bank0
0025 1283          M                 bcf     STATUS,RP0
0026 1410      00130                 bsf T1CON,TMR1ON ; Start Timer 1
0027 089F      00131                 movf CMCON,f     ; Read to sync output
               00132                 bank1
0028 1683          M                 bsf     STATUS,RP0
Message [302] : Register in operand not in bank 0. Ensure bank bits are correct.
0029 140C      00133                 bsf PIE1,TMR1IE  ;unmask TMR1 interrupt 
002A 0000      00134                 nop
Message [302] : Register in operand not in bank 0. Ensure bank bits are correct.
002B 170C      00135                 bsf PIE1,CMIE    ; Unmask Comp Int
               00136 
002C 0000      00137 WAIT:           nop
Message [302] : Register in operand not in bank 0. Ensure bank bits are correct.
002D 1B0C      00138                 btfsc PIE1,CMIE  ; Wait for comp Int
               00139                                 ; ie wait until Int
002E 282C      00140                 goto WAIT        ; Enable bit has been
               00141                                 ; cleared
gpasm-0.13.3 beta               adc_display_24LED_bargraf_no_resistor_no_transistor_external_20mhz_serial_IO_high_intensity_version.asm5-23-2009  21:01:24          PAGE  4


LOC  OBJECT CODE     LINE SOURCE TEXT
  VALUE
 
002F           00142 GETDATA:                        ; Timer 1 contains
               00143                                 ; DATA (TMR1L TMR1H)
               00144 
               00145                 bank0
002F 1283          M                 bcf     STATUS,RP0
               00146 
0030 0008      00147                 return
               00148 
               00149 ;-------------------------simple bargraf display subroutine
               00150 
0031           00151 BARGRAF_DISPLAY:
               00152                 bank0
0031 1283          M                 bcf     STATUS,RP0
               00153 ;               movfw   TMR1H           ;we get only most significiant byte
0032 080E      00154                 movfw   TMR1L           ;we get only least significiant byte (for quick testing)
               00155                                         
               00156 ;               andlw   b'11111000'     ;and most significiant nibble - this filtering is obsolete
               00157                                         
0033 00D0      00158                 movwf   DISPLAY_TEMP1   ;bit testing cannot operate on W
               00159 
               00160 
               00161                 ; RA4 has significant capacitance. let's initalise line select pins first then. 
               00162                 bank1
0034 1683          M                 bsf     STATUS,RP0
Message [302] : Register in operand not in bank 0. Ensure bank bits are correct.
0035 0186      00163                 clrf    TRISB ; we use PORTB configured as output for that
Message [302] : Register in operand not in bank 0. Ensure bank bits are correct.
0036 1205      00164                 bcf     TRISA,RA4 ; as PORTB is 8 bit, RA4 will select 3rd significant LED strip
               00165                                         ; IT REQUIRES PULL-UP POTENTIOMETER
0037 0000      00166                 nop
Message [302] : Register in operand not in bank 0. Ensure bank bits are correct.
0038 1185      00167                 bcf     TRISA,RA3 ; as PORTB is 8 BIT, RA3 will select 2nd significant LED strip
0039 0000      00168                 nop
Message [302] : Register in operand not in bank 0. Ensure bank bits are correct.
003A 1005      00169                 bcf     TRISA,RA0 ; as PORTB is 8 bit, RA0 will select 1st significant LED strip. 
               00170                 bank0 
003B 1283          M                 bcf     STATUS,RP0
003C 0186      00171                 clrf    PORTB ; switch off all LEDS .
               00172                                 ;1 used as output 'on' state
003D 1205      00173                 bcf     PORTA,RA4 ; RA4 is used for intensity delay routine. resetting . 
               00174                                 ; IT REQUIRES PULL UP AND CAPACITOR!
003E 0000      00175                 nop
003F 1585      00176                 bsf     PORTA,RA3 ; 2nd significant bar is off (LED cathodes connect to RA3 via resistor) 
0040 0000      00177                 nop
0041 1405      00178                 bsf     PORTA,RA0 ; 1st significant bar is off (LED cathodes connect to RA0 via resistor). 
0042 0000      00179                 nop 
               00180 
               00181 
               00182                 
0043 01D1      00183                 clrf    DISPLAY_RESULT_1   ;we clear last display results
0044 01D2      00184                 clrf    DISPLAY_RESULT_2  
0045 01D3      00185                 clrf    DISPLAY_RESULT_3                
0046 01D4      00186                 clrf    DISPLAY_RESULT_4                
               00187 
gpasm-0.13.3 beta               adc_display_24LED_bargraf_no_resistor_no_transistor_external_20mhz_serial_IO_high_intensity_version.asm5-23-2009  21:01:24          PAGE  5


LOC  OBJECT CODE     LINE SOURCE TEXT
  VALUE
 
               00188 
               00189 
0047 1FD0      00190                 btfss   DISPLAY_TEMP1,7 ; if the '16' bit is set
0048 2899      00191                 goto    BIT_7_NOT
               00192                 
0049 1403      00193                 bsf     STATUS,C                ; insert 1 16 times. 
Message [305] : Using default destination of 1 (file).
004A 0DD1      00194                 rlf     DISPLAY_RESULT_1
Message [305] : Using default destination of 1 (file).
004B 0DD2      00195                 rlf     DISPLAY_RESULT_2
Message [305] : Using default destination of 1 (file).
004C 0DD3      00196                 rlf     DISPLAY_RESULT_3
Message [305] : Using default destination of 1 (file).
004D 0DD4      00197                 rlf     DISPLAY_RESULT_4                
004E 1403      00198                 bsf     STATUS,C
Message [305] : Using default destination of 1 (file).
004F 0DD1      00199                 rlf     DISPLAY_RESULT_1
Message [305] : Using default destination of 1 (file).
0050 0DD2      00200                 rlf     DISPLAY_RESULT_2
Message [305] : Using default destination of 1 (file).
0051 0DD3      00201                 rlf     DISPLAY_RESULT_3
Message [305] : Using default destination of 1 (file).
0052 0DD4      00202                 rlf     DISPLAY_RESULT_4                
0053 1403      00203                 bsf     STATUS,C
Message [305] : Using default destination of 1 (file).
0054 0DD1      00204                 rlf     DISPLAY_RESULT_1
Message [305] : Using default destination of 1 (file).
0055 0DD2      00205                 rlf     DISPLAY_RESULT_2
Message [305] : Using default destination of 1 (file).
0056 0DD3      00206                 rlf     DISPLAY_RESULT_3
Message [305] : Using default destination of 1 (file).
0057 0DD4      00207                 rlf     DISPLAY_RESULT_4                
0058 1403      00208                 bsf     STATUS,C
Message [305] : Using default destination of 1 (file).
0059 0DD1      00209                 rlf     DISPLAY_RESULT_1
Message [305] : Using default destination of 1 (file).
005A 0DD2      00210                 rlf     DISPLAY_RESULT_2
Message [305] : Using default destination of 1 (file).
005B 0DD3      00211                 rlf     DISPLAY_RESULT_3
Message [305] : Using default destination of 1 (file).
005C 0DD4      00212                 rlf     DISPLAY_RESULT_4                
005D 1403      00213                 bsf     STATUS,C
Message [305] : Using default destination of 1 (file).
005E 0DD1      00214                 rlf     DISPLAY_RESULT_1
Message [305] : Using default destination of 1 (file).
005F 0DD2      00215                 rlf     DISPLAY_RESULT_2
Message [305] : Using default destination of 1 (file).
0060 0DD3      00216                 rlf     DISPLAY_RESULT_3
Message [305] : Using default destination of 1 (file).
0061 0DD4      00217                 rlf     DISPLAY_RESULT_4                
0062 1403      00218                 bsf     STATUS,C
Message [305] : Using default destination of 1 (file).
0063 0DD1      00219                 rlf     DISPLAY_RESULT_1
Message [305] : Using default destination of 1 (file).
gpasm-0.13.3 beta               adc_display_24LED_bargraf_no_resistor_no_transistor_external_20mhz_serial_IO_high_intensity_version.asm5-23-2009  21:01:24          PAGE  6


LOC  OBJECT CODE     LINE SOURCE TEXT
  VALUE
 
0064 0DD2      00220                 rlf     DISPLAY_RESULT_2
Message [305] : Using default destination of 1 (file).
0065 0DD3      00221                 rlf     DISPLAY_RESULT_3
Message [305] : Using default destination of 1 (file).
0066 0DD4      00222                 rlf     DISPLAY_RESULT_4                
0067 1403      00223                 bsf     STATUS,C
Message [305] : Using default destination of 1 (file).
0068 0DD1      00224                 rlf     DISPLAY_RESULT_1
Message [305] : Using default destination of 1 (file).
0069 0DD2      00225                 rlf     DISPLAY_RESULT_2
Message [305] : Using default destination of 1 (file).
006A 0DD3      00226                 rlf     DISPLAY_RESULT_3
Message [305] : Using default destination of 1 (file).
006B 0DD4      00227                 rlf     DISPLAY_RESULT_4                
006C 1403      00228                 bsf     STATUS,C
Message [305] : Using default destination of 1 (file).
006D 0DD1      00229                 rlf     DISPLAY_RESULT_1
Message [305] : Using default destination of 1 (file).
006E 0DD2      00230                 rlf     DISPLAY_RESULT_2
Message [305] : Using default destination of 1 (file).
006F 0DD3      00231                 rlf     DISPLAY_RESULT_3
Message [305] : Using default destination of 1 (file).
0070 0DD4      00232                 rlf     DISPLAY_RESULT_4                
0071 1403      00233                 bsf     STATUS,C
Message [305] : Using default destination of 1 (file).
0072 0DD1      00234                 rlf     DISPLAY_RESULT_1
Message [305] : Using default destination of 1 (file).
0073 0DD2      00235                 rlf     DISPLAY_RESULT_2
Message [305] : Using default destination of 1 (file).
0074 0DD3      00236                 rlf     DISPLAY_RESULT_3
Message [305] : Using default destination of 1 (file).
0075 0DD4      00237                 rlf     DISPLAY_RESULT_4                
0076 1403      00238                 bsf     STATUS,C
Message [305] : Using default destination of 1 (file).
0077 0DD1      00239                 rlf     DISPLAY_RESULT_1
Message [305] : Using default destination of 1 (file).
0078 0DD2      00240                 rlf     DISPLAY_RESULT_2
Message [305] : Using default destination of 1 (file).
0079 0DD3      00241                 rlf     DISPLAY_RESULT_3
Message [305] : Using default destination of 1 (file).
007A 0DD4      00242                 rlf     DISPLAY_RESULT_4                
007B 1403      00243                 bsf     STATUS,C
Message [305] : Using default destination of 1 (file).
007C 0DD1      00244                 rlf     DISPLAY_RESULT_1
Message [305] : Using default destination of 1 (file).
007D 0DD2      00245                 rlf     DISPLAY_RESULT_2
Message [305] : Using default destination of 1 (file).
007E 0DD3      00246                 rlf     DISPLAY_RESULT_3
Message [305] : Using default destination of 1 (file).
007F 0DD4      00247                 rlf     DISPLAY_RESULT_4                
0080 1403      00248                 bsf     STATUS,C
Message [305] : Using default destination of 1 (file).
0081 0DD1      00249                 rlf     DISPLAY_RESULT_1
Message [305] : Using default destination of 1 (file).
gpasm-0.13.3 beta               adc_display_24LED_bargraf_no_resistor_no_transistor_external_20mhz_serial_IO_high_intensity_version.asm5-23-2009  21:01:24          PAGE  7


LOC  OBJECT CODE     LINE SOURCE TEXT
  VALUE
 
0082 0DD2      00250                 rlf     DISPLAY_RESULT_2
Message [305] : Using default destination of 1 (file).
0083 0DD3      00251                 rlf     DISPLAY_RESULT_3
Message [305] : Using default destination of 1 (file).
0084 0DD4      00252                 rlf     DISPLAY_RESULT_4                
0085 1403      00253                 bsf     STATUS,C
Message [305] : Using default destination of 1 (file).
0086 0DD1      00254                 rlf     DISPLAY_RESULT_1
Message [305] : Using default destination of 1 (file).
0087 0DD2      00255                 rlf     DISPLAY_RESULT_2
Message [305] : Using default destination of 1 (file).
0088 0DD3      00256                 rlf     DISPLAY_RESULT_3
Message [305] : Using default destination of 1 (file).
0089 0DD4      00257                 rlf     DISPLAY_RESULT_4                
008A 1403      00258                 bsf     STATUS,C
Message [305] : Using default destination of 1 (file).
008B 0DD1      00259                 rlf     DISPLAY_RESULT_1
Message [305] : Using default destination of 1 (file).
008C 0DD2      00260                 rlf     DISPLAY_RESULT_2
Message [305] : Using default destination of 1 (file).
008D 0DD3      00261                 rlf     DISPLAY_RESULT_3
Message [305] : Using default destination of 1 (file).
008E 0DD4      00262                 rlf     DISPLAY_RESULT_4                
008F 1403      00263                 bsf     STATUS,C
Message [305] : Using default destination of 1 (file).
0090 0DD1      00264                 rlf     DISPLAY_RESULT_1
Message [305] : Using default destination of 1 (file).
0091 0DD2      00265                 rlf     DISPLAY_RESULT_2
Message [305] : Using default destination of 1 (file).
0092 0DD3      00266                 rlf     DISPLAY_RESULT_3
Message [305] : Using default destination of 1 (file).
0093 0DD4      00267                 rlf     DISPLAY_RESULT_4                
0094 1403      00268                 bsf     STATUS,C
Message [305] : Using default destination of 1 (file).
0095 0DD1      00269                 rlf     DISPLAY_RESULT_1
Message [305] : Using default destination of 1 (file).
0096 0DD2      00270                 rlf     DISPLAY_RESULT_2
Message [305] : Using default destination of 1 (file).
0097 0DD3      00271                 rlf     DISPLAY_RESULT_3
Message [305] : Using default destination of 1 (file).
0098 0DD4      00272                 rlf     DISPLAY_RESULT_4                
               00273 
               00274 
0099           00275 BIT_7_NOT
0099 1F50      00276                 btfss   DISPLAY_TEMP1,6 ;if the '8' bit is set
009A 28C3      00277                 goto    BIT_6_NOT
009B 1403      00278                 bsf     STATUS,C
Message [305] : Using default destination of 1 (file).
009C 0DD1      00279                 rlf     DISPLAY_RESULT_1
Message [305] : Using default destination of 1 (file).
009D 0DD2      00280                 rlf     DISPLAY_RESULT_2
Message [305] : Using default destination of 1 (file).
009E 0DD3      00281                 rlf     DISPLAY_RESULT_3
Message [305] : Using default destination of 1 (file).
gpasm-0.13.3 beta               adc_display_24LED_bargraf_no_resistor_no_transistor_external_20mhz_serial_IO_high_intensity_version.asm5-23-2009  21:01:24          PAGE  8


LOC  OBJECT CODE     LINE SOURCE TEXT
  VALUE
 
009F 0DD4      00282                 rlf     DISPLAY_RESULT_4                
00A0 1403      00283                 bsf     STATUS,C
Message [305] : Using default destination of 1 (file).
00A1 0DD1      00284                 rlf     DISPLAY_RESULT_1
Message [305] : Using default destination of 1 (file).
00A2 0DD2      00285                 rlf     DISPLAY_RESULT_2
Message [305] : Using default destination of 1 (file).
00A3 0DD3      00286                 rlf     DISPLAY_RESULT_3
Message [305] : Using default destination of 1 (file).
00A4 0DD4      00287                 rlf     DISPLAY_RESULT_4                
00A5 1403      00288                 bsf     STATUS,C
Message [305] : Using default destination of 1 (file).
00A6 0DD1      00289                 rlf     DISPLAY_RESULT_1
Message [305] : Using default destination of 1 (file).
00A7 0DD2      00290                 rlf     DISPLAY_RESULT_2
Message [305] : Using default destination of 1 (file).
00A8 0DD3      00291                 rlf     DISPLAY_RESULT_3
Message [305] : Using default destination of 1 (file).
00A9 0DD4      00292                 rlf     DISPLAY_RESULT_4                
00AA 1403      00293                 bsf     STATUS,C
Message [305] : Using default destination of 1 (file).
00AB 0DD1      00294                 rlf     DISPLAY_RESULT_1
Message [305] : Using default destination of 1 (file).
00AC 0DD2      00295                 rlf     DISPLAY_RESULT_2
Message [305] : Using default destination of 1 (file).
00AD 0DD3      00296                 rlf     DISPLAY_RESULT_3
Message [305] : Using default destination of 1 (file).
00AE 0DD4      00297                 rlf     DISPLAY_RESULT_4                
00AF 1403      00298                 bsf     STATUS,C
Message [305] : Using default destination of 1 (file).
00B0 0DD1      00299                 rlf     DISPLAY_RESULT_1
Message [305] : Using default destination of 1 (file).
00B1 0DD2      00300                 rlf     DISPLAY_RESULT_2
Message [305] : Using default destination of 1 (file).
00B2 0DD3      00301                 rlf     DISPLAY_RESULT_3
Message [305] : Using default destination of 1 (file).
00B3 0DD4      00302                 rlf     DISPLAY_RESULT_4                
00B4 1403      00303                 bsf     STATUS,C
Message [305] : Using default destination of 1 (file).
00B5 0DD1      00304                 rlf     DISPLAY_RESULT_1
Message [305] : Using default destination of 1 (file).
00B6 0DD2      00305                 rlf     DISPLAY_RESULT_2
Message [305] : Using default destination of 1 (file).
00B7 0DD3      00306                 rlf     DISPLAY_RESULT_3
Message [305] : Using default destination of 1 (file).
00B8 0DD4      00307                 rlf     DISPLAY_RESULT_4                
00B9 1403      00308                 bsf     STATUS,C
Message [305] : Using default destination of 1 (file).
00BA 0DD1      00309                 rlf     DISPLAY_RESULT_1
Message [305] : Using default destination of 1 (file).
00BB 0DD2      00310                 rlf     DISPLAY_RESULT_2
Message [305] : Using default destination of 1 (file).
00BC 0DD3      00311                 rlf     DISPLAY_RESULT_3
Message [305] : Using default destination of 1 (file).
gpasm-0.13.3 beta               adc_display_24LED_bargraf_no_resistor_no_transistor_external_20mhz_serial_IO_high_intensity_version.asm5-23-2009  21:01:24          PAGE  9


LOC  OBJECT CODE     LINE SOURCE TEXT
  VALUE
 
00BD 0DD4      00312                 rlf     DISPLAY_RESULT_4                
00BE 1403      00313                 bsf     STATUS,C
Message [305] : Using default destination of 1 (file).
00BF 0DD1      00314                 rlf     DISPLAY_RESULT_1
Message [305] : Using default destination of 1 (file).
00C0 0DD2      00315                 rlf     DISPLAY_RESULT_2
Message [305] : Using default destination of 1 (file).
00C1 0DD3      00316                 rlf     DISPLAY_RESULT_3
Message [305] : Using default destination of 1 (file).
00C2 0DD4      00317                 rlf     DISPLAY_RESULT_4                
               00318                 
               00319                 
00C3           00320 BIT_6_NOT:
00C3 1ED0      00321                 btfss   DISPLAY_TEMP1,5 ;if the '4' bit is set
00C4 28D9      00322                 goto    BIT_5_NOT
00C5 1403      00323                 bsf     STATUS,C
Message [305] : Using default destination of 1 (file).
00C6 0DD1      00324                 rlf     DISPLAY_RESULT_1
Message [305] : Using default destination of 1 (file).
00C7 0DD2      00325                 rlf     DISPLAY_RESULT_2
Message [305] : Using default destination of 1 (file).
00C8 0DD3      00326                 rlf     DISPLAY_RESULT_3
Message [305] : Using default destination of 1 (file).
00C9 0DD4      00327                 rlf     DISPLAY_RESULT_4                
00CA 1403      00328                 bsf     STATUS,C
Message [305] : Using default destination of 1 (file).
00CB 0DD1      00329                 rlf     DISPLAY_RESULT_1
Message [305] : Using default destination of 1 (file).
00CC 0DD2      00330                 rlf     DISPLAY_RESULT_2
Message [305] : Using default destination of 1 (file).
00CD 0DD3      00331                 rlf     DISPLAY_RESULT_3
Message [305] : Using default destination of 1 (file).
00CE 0DD4      00332                 rlf     DISPLAY_RESULT_4                
00CF 1403      00333                 bsf     STATUS,C
Message [305] : Using default destination of 1 (file).
00D0 0DD1      00334                 rlf     DISPLAY_RESULT_1
Message [305] : Using default destination of 1 (file).
00D1 0DD2      00335                 rlf     DISPLAY_RESULT_2
Message [305] : Using default destination of 1 (file).
00D2 0DD3      00336                 rlf     DISPLAY_RESULT_3
Message [305] : Using default destination of 1 (file).
00D3 0DD4      00337                 rlf     DISPLAY_RESULT_4                
00D4 1403      00338                 bsf     STATUS,C
Message [305] : Using default destination of 1 (file).
00D5 0DD1      00339                 rlf     DISPLAY_RESULT_1
Message [305] : Using default destination of 1 (file).
00D6 0DD2      00340                 rlf     DISPLAY_RESULT_2
Message [305] : Using default destination of 1 (file).
00D7 0DD3      00341                 rlf     DISPLAY_RESULT_3
Message [305] : Using default destination of 1 (file).
00D8 0DD4      00342                 rlf     DISPLAY_RESULT_4                
00D9           00343 BIT_5_NOT:
               00344 
00D9 1E50      00345                 btfss   DISPLAY_TEMP1,4 ;if the '2' bit is set
gpasm-0.13.3 beta               adc_display_24LED_bargraf_no_resistor_no_transistor_external_20mhz_serial_IO_high_intensity_version.asm5-23-2009  21:01:24          PAGE 10


LOC  OBJECT CODE     LINE SOURCE TEXT
  VALUE
 
00DA 28E5      00346                 goto    BIT_4_NOT
00DB 1403      00347                 bsf     STATUS,C
Message [305] : Using default destination of 1 (file).
00DC 0DD1      00348                 rlf     DISPLAY_RESULT_1
Message [305] : Using default destination of 1 (file).
00DD 0DD2      00349                 rlf     DISPLAY_RESULT_2
Message [305] : Using default destination of 1 (file).
00DE 0DD3      00350                 rlf     DISPLAY_RESULT_3
Message [305] : Using default destination of 1 (file).
00DF 0DD4      00351                 rlf     DISPLAY_RESULT_4                
00E0 1403      00352                 bsf     STATUS,C
Message [305] : Using default destination of 1 (file).
00E1 0DD1      00353                 rlf     DISPLAY_RESULT_1
Message [305] : Using default destination of 1 (file).
00E2 0DD2      00354                 rlf     DISPLAY_RESULT_2
Message [305] : Using default destination of 1 (file).
00E3 0DD3      00355                 rlf     DISPLAY_RESULT_3
Message [305] : Using default destination of 1 (file).
00E4 0DD4      00356                 rlf     DISPLAY_RESULT_4                
00E5           00357 BIT_4_NOT:
               00358 
00E5 1DD0      00359                 btfss   DISPLAY_TEMP1,3 ;if the '1' bit is set
00E6 28EC      00360                 goto    BIT_3_NOT
00E7 1403      00361                 bsf     STATUS,C
Message [305] : Using default destination of 1 (file).
00E8 0DD1      00362                 rlf     DISPLAY_RESULT_1
Message [305] : Using default destination of 1 (file).
00E9 0DD2      00363                 rlf     DISPLAY_RESULT_2
Message [305] : Using default destination of 1 (file).
00EA 0DD3      00364                 rlf     DISPLAY_RESULT_3
Message [305] : Using default destination of 1 (file).
00EB 0DD4      00365                 rlf     DISPLAY_RESULT_4                
00EC           00366 BIT_3_NOT:
               00367                 
               00368 ;-----------------debug-RA4 capacitance , time of discharge, quick hax
00EC 01D5      00369                 clrf    INTENSITY_KNOB
               00370 
               00371                 bank0   
00ED 1283          M                 bcf     STATUS,RP0
00EE 1605      00372                 bsf     PORTA,RA4
               00373                 bank1 
00EF 1683          M                 bsf     STATUS,RP0
Message [302] : Register in operand not in bank 0. Ensure bank bits are correct.
00F0 1605      00374                 bsf     TRISA,RA4
               00375                 bank0   
00F1 1283          M                 bcf     STATUS,RP0
               00376 
00F2           00377 SET_RA4_HIGH    
Message [305] : Using default destination of 1 (file).
00F2 0AD5      00378                 incf    INTENSITY_KNOB
00F3 1E05      00379                 btfss   PORTA,RA4
00F4 28F2      00380                 goto    SET_RA4_HIGH ; go back increasing INTENSITY_KNOB
               00381                                 
               00382                 bank1   
gpasm-0.13.3 beta               adc_display_24LED_bargraf_no_resistor_no_transistor_external_20mhz_serial_IO_high_intensity_version.asm5-23-2009  21:01:24          PAGE 11


LOC  OBJECT CODE     LINE SOURCE TEXT
  VALUE
 
00F5 1683          M                 bsf     STATUS,RP0
Message [302] : Register in operand not in bank 0. Ensure bank bits are correct.
00F6 1205      00383                 bcf     TRISA,RA4 ; make RA4 out again
               00384                 bank0
00F7 1283          M                 bcf     STATUS,RP0
               00385 
00F8 1005      00386                 bcf     PORTA,RA0 ; least significant byte first 
               00387 
               00388                                         ;simple magic - check bit in display result, and switch on same bit of PORTB
               00389                                         ;calling intensity delay, then clear, and so on
00F9 0855      00390                 movfw   INTENSITY_KNOB ; load INTENSITY_KNOB value to w. it's used by INTENSITY DELAY 
               00391                                         ;not a very ellegant way, but it helps saving one cycle per each delay 
               00392                                         ;thus reducing shortest possible delay 
               00393 
               00394 
00FA 1851      00395                 btfsc   DISPLAY_RESULT_1,0
00FB 1406      00396                 bsf     PORTB,0
00FC 2164      00397                 call    INTENSITY_DELAY
00FD 0186      00398                 clrf    PORTB
00FE 18D1      00399                 btfsc   DISPLAY_RESULT_1,1
00FF 1486      00400                 bsf     PORTB,1
0100 2164      00401                 call    INTENSITY_DELAY
0101 0186      00402                 clrf    PORTB
0102 1951      00403                 btfsc   DISPLAY_RESULT_1,2
0103 1506      00404                 bsf     PORTB,2
0104 2164      00405                 call    INTENSITY_DELAY
0105 0186      00406                 clrf    PORTB
0106 19D1      00407                 btfsc   DISPLAY_RESULT_1,3
0107 1586      00408                 bsf     PORTB,3
0108 2164      00409                 call    INTENSITY_DELAY
0109 0186      00410                 clrf    PORTB
010A 1A51      00411                 btfsc   DISPLAY_RESULT_1,4
010B 1606      00412                 bsf     PORTB,4
010C 2164      00413                 call    INTENSITY_DELAY
010D 0186      00414                 clrf    PORTB
010E 1AD1      00415                 btfsc   DISPLAY_RESULT_1,5
010F 1686      00416                 bsf     PORTB,5
0110 2164      00417                 call    INTENSITY_DELAY
0111 0186      00418                 clrf    PORTB
0112 1B51      00419                 btfsc   DISPLAY_RESULT_1,6
0113 1706      00420                 bsf     PORTB,6
0114 2164      00421                 call    INTENSITY_DELAY
0115 0186      00422                 clrf    PORTB
0116 1BD1      00423                 btfsc   DISPLAY_RESULT_1,7
0117 1786      00424                 bsf     PORTB,7
0118 2164      00425                 call    INTENSITY_DELAY
0119 0186      00426                 clrf    PORTB
               00427 
011A 1405      00428                 bsf     PORTA,RA0       ; less significant byte off
011B 0000      00429                 nop                     ;cannot operate on same register due to pipelining, so wait
011C 1185      00430                 bcf     PORTA,RA3       ; more significant byte on
               00431 
               00432                                         ; simple magic again - check bit in display result, and switch on same bit of PORTB
               00433                                         ;calling intensity delay, then clear, and so on
gpasm-0.13.3 beta               adc_display_24LED_bargraf_no_resistor_no_transistor_external_20mhz_serial_IO_high_intensity_version.asm5-23-2009  21:01:24          PAGE 12


LOC  OBJECT CODE     LINE SOURCE TEXT
  VALUE
 
011D 1852      00434                 btfsc   DISPLAY_RESULT_2,0
011E 1406      00435                 bsf     PORTB,0
011F 2164      00436                 call    INTENSITY_DELAY
0120 0186      00437                 clrf    PORTB
0121 18D2      00438                 btfsc   DISPLAY_RESULT_2,1
0122 1486      00439                 bsf     PORTB,1
0123 2164      00440                 call    INTENSITY_DELAY
0124 0186      00441                 clrf    PORTB
0125 1952      00442                 btfsc   DISPLAY_RESULT_2,2
0126 1506      00443                 bsf     PORTB,2
0127 2164      00444                 call    INTENSITY_DELAY
0128 0186      00445                 clrf    PORTB
0129 19D2      00446                 btfsc   DISPLAY_RESULT_2,3
012A 1586      00447                 bsf     PORTB,3
012B 2164      00448                 call    INTENSITY_DELAY
012C 0186      00449                 clrf    PORTB
012D 1A52      00450                 btfsc   DISPLAY_RESULT_2,4
012E 1606      00451                 bsf     PORTB,4
012F 2164      00452                 call    INTENSITY_DELAY
0130 0186      00453                 clrf    PORTB
0131 1AD2      00454                 btfsc   DISPLAY_RESULT_2,5
0132 1686      00455                 bsf     PORTB,5
0133 2164      00456                 call    INTENSITY_DELAY
0134 0186      00457                 clrf    PORTB
0135 1B52      00458                 btfsc   DISPLAY_RESULT_2,6
0136 1706      00459                 bsf     PORTB,6
0137 2164      00460                 call    INTENSITY_DELAY
0138 0186      00461                 clrf    PORTB
0139 1BD2      00462                 btfsc   DISPLAY_RESULT_2,7
013A 1786      00463                 bsf     PORTB,7
013B 2164      00464                 call    INTENSITY_DELAY
013C 0186      00465                 clrf    PORTB
               00466 
013D 1585      00467                 bsf     PORTA,RA3       ; more significant byte off
013E 0000      00468                 nop                     ;cannot operate on same register due to pipelinging, so wait
013F 1205      00469                 bcf     PORTA,RA4       ; most significant byte on
               00470 
               00471                                         ; same simple magic - check bit in display result, and switch on same bit of PORTB
               00472                                         ;calling intensity delay, then clear, and so on
0140 1853      00473                 btfsc   DISPLAY_RESULT_3,0
0141 1406      00474                 bsf     PORTB,0
0142 2164      00475                 call    INTENSITY_DELAY
0143 0186      00476                 clrf    PORTB
0144 18D3      00477                 btfsc   DISPLAY_RESULT_3,1
0145 1486      00478                 bsf     PORTB,1
0146 2164      00479                 call    INTENSITY_DELAY
0147 0186      00480                 clrf    PORTB
0148 1953      00481                 btfsc   DISPLAY_RESULT_3,2
0149 1506      00482                 bsf     PORTB,2
014A 2164      00483                 call    INTENSITY_DELAY
014B 0186      00484                 clrf    PORTB
014C 19D3      00485                 btfsc   DISPLAY_RESULT_3,3
014D 1586      00486                 bsf     PORTB,3
014E 2164      00487                 call    INTENSITY_DELAY
gpasm-0.13.3 beta               adc_display_24LED_bargraf_no_resistor_no_transistor_external_20mhz_serial_IO_high_intensity_version.asm5-23-2009  21:01:24          PAGE 13


LOC  OBJECT CODE     LINE SOURCE TEXT
  VALUE
 
014F 0186      00488                 clrf    PORTB
0150 1A53      00489                 btfsc   DISPLAY_RESULT_3,4
0151 1606      00490                 bsf     PORTB,4
0152 2164      00491                 call    INTENSITY_DELAY
0153 0186      00492                 clrf    PORTB
0154 1AD3      00493                 btfsc   DISPLAY_RESULT_3,5
0155 1686      00494                 bsf     PORTB,5
0156 2164      00495                 call    INTENSITY_DELAY
0157 0186      00496                 clrf    PORTB
0158 1B53      00497                 btfsc   DISPLAY_RESULT_3,6
0159 1706      00498                 bsf     PORTB,6
015A 2164      00499                 call    INTENSITY_DELAY
015B 0186      00500                 clrf    PORTB
015C 1BD3      00501                 btfsc   DISPLAY_RESULT_3,7
015D 1786      00502                 bsf     PORTB,7
015E 2164      00503                 call    INTENSITY_DELAY
015F 0186      00504                 clrf    PORTB
               00505                 
0160 1605      00506                 bsf     PORTA,RA4       ;most significant byte off
0161 0008      00507                 return 
               00508 
               00509 
               00510 ;INTENSITY_DELAY:
               00511 
0162 0000      00512                 nop
               00513 ;               nop     ;lenght defines intensity by amount of energy pumped into each led. 
               00514 
0163 0008      00515                 return
               00516 
0164           00517 INTENSITY_DELAY:
0164 00D6      00518                 movwf   DELAY   
0165 00D7      00519                 movwf   DELAY2
0166           00520 INTENSITY_DELAY_LOOP1:
Message [305] : Using default destination of 1 (file).
0166 0BD6      00521                 decfsz  DELAY
0167 2966      00522                 goto    INTENSITY_DELAY_LOOP1
0168 00D6      00523                 movwf   DELAY
Message [305] : Using default destination of 1 (file).
0169 0BD7      00524                 decfsz  DELAY2
016A 2966      00525                 goto    INTENSITY_DELAY_LOOP1
016B 0008      00526                 return
               00527 
               00528 
               00529 ; ------------------thiiiis is theory
               00530 
               00531 ;INTENSITY_DELAY
               00532                 bank1
016C 1683          M                 bsf     STATUS,RP0
Message [302] : Register in operand not in bank 0. Ensure bank bits are correct.
016D 1085      00533                 bcf     TRISA,RA1               ; set RA1 pin as output - it should allow RA5 cap discharge by circuit 
Message [302] : Register in operand not in bank 0. Ensure bank bits are correct.
016E 1685      00534                 bsf     TRISA,RA5               ; tristate RA5 pin. it is tristate anyway, but let's make it input 
               00535                 bank0                           ; switch back to bank0 
016F 1283          M                 bcf     STATUS,RP0
gpasm-0.13.3 beta               adc_display_24LED_bargraf_no_resistor_no_transistor_external_20mhz_serial_IO_high_intensity_version.asm5-23-2009  21:01:24          PAGE 14


LOC  OBJECT CODE     LINE SOURCE TEXT
  VALUE
 
0170 1085      00536                 bcf     PORTA,RA1               ; set RA1 to 0 . it should discharge RA5 cap by circuit trickery (diode :)
0171           00537 INTENSITY_DELAY1:
0171 1E85      00538                 btfss   PORTA,RA5               ; check if delay capacitor got charged, skip if yes
0172 2971      00539                 goto    INTENSITY_DELAY1        ; if no, just wait for it to happen. 
               00540 
               00541                 bank1                           ; when done switch back to bank1
0173 1683          M                 bsf     STATUS,RP0
Message [302] : Register in operand not in bank 0. Ensure bank bits are correct.
0174 1485      00542                 bsf     TRISA,RA1               ; set RA1 as input back 
               00543                 bank0
0175 1283          M                 bcf     STATUS,RP0
0176 0008      00544                 return
               00545 
               00546 
               00547 
               00548 
               00549 
               00550 
               00551 ;           Comparator Interrupt Service routine
               00552 
0177           00553 COMP:           bank0
0177 1283          M                 bcf     STATUS,RP0
0178 1010      00554                 bcf T1CON,TMR1ON ; Stop Timer 1
0179 130C      00555                 bcf PIR1,CMIF    ; Clear Interrupt flag
017A 0000      00556                 nop
017B 100C      00557                 bcf PIR1,TMR1IF
               00558                 bank1
017C 1683          M                 bsf     STATUS,RP0
Message [302] : Register in operand not in bank 0. Ensure bank bits are correct.
017D 130C      00559                 bcf PIE1,CMIE    ; Mask Comparator Int
017E 0000      00560                 nop
Message [302] : Register in operand not in bank 0. Ensure bank bits are correct.
017F 100C      00561                 bcf PIE1,TMR1IE
0180 0009      00562                 retfie 
gpasm-0.13.3 beta               adc_display_24LED_bargraf_no_resistor_no_transistor_external_20mhz_serial_IO_high_intensity_version.asm5-23-2009  21:01:24          PAGE 15


SYMBOL TABLE
  LABEL                             VALUE 

ADEN                              00000003
BARGRAF_DISPLAY                   00000031
BIT_3_NOT                         000000EC
BIT_4_NOT                         000000E5
BIT_5_NOT                         000000D9
BIT_6_NOT                         000000C3
BIT_7_NOT                         00000099
BRGH                              00000002
C                                 00000000
C1INV                             00000004
C1OUT                             00000006
C2INV                             00000005
C2OUT                             00000007
CCP1CON                           00000017
CCP1IE                            00000002
CCP1IF                            00000002
CCP1M0                            00000000
CCP1M1                            00000001
CCP1M2                            00000002
CCP1M3                            00000003
CCP1X                             00000005
CCP1Y                             00000004
CCPR1H                            00000016
CCPR1L                            00000015
CIS                               00000003
CM0                               00000000
CM1                               00000001
CM2                               00000002
CMCON                             0000001F
CMIE                              00000006
CMIF                              00000006
COMP                              00000177
CONVERT                           00000013
CREN                              00000004
CSRC                              00000007
DC                                00000001
DELAY                             00000056
DELAY2                            00000057
DISCHARGE_COMPARATOR_CAP          00000019
DISPLAY_RESULT_1                  00000051
DISPLAY_RESULT_2                  00000052
DISPLAY_RESULT_3                  00000053
DISPLAY_RESULT_4                  00000054
DISPLAY_TEMP1                     00000050
EEADR                             0000009B
EECON1                            0000009C
EECON2                            0000009D
EEDATA                            0000009A
EEIE                              00000007
EEIF                              00000007
F                                 00000001
FERR                              00000002
FSR                               00000004
gpasm-0.13.3 beta               adc_display_24LED_bargraf_no_resistor_no_transistor_external_20mhz_serial_IO_high_intensity_version.asm5-23-2009  21:01:24          PAGE 16


LOC  OBJECT CODE     LINE SOURCE TEXT
  VALUE
 
GETDATA                           0000002F
GIE                               00000007
INDF                              00000000
INIT                              00000005
INTCON                            0000000B
INTE                              00000004
INTEDG                            00000006
INTENSITY_DELAY                   00000164
INTENSITY_DELAY1                  00000171
INTENSITY_DELAY_LOOP1             00000166
INTENSITY_KNOB                    00000055
INTF                              00000001
IRP                               00000007
MAIN                              00000010
NOT_BO                            00000000
NOT_BOD                           00000000
NOT_BOR                           00000000
NOT_PD                            00000003
NOT_POR                           00000001
NOT_RBPU                          00000007
NOT_T1SYNC                        00000002
NOT_TO                            00000004
OERR                              00000001
OPTION_REG                        00000081
OSCF                              00000003
PCL                               00000002
PCLATH                            0000000A
PCON                              0000008E
PEIE                              00000006
PIE1                              0000008C
PIR1                              0000000C
PORTA                             00000005
PORTB                             00000006
PR2                               00000092
PS0                               00000000
PS1                               00000001
PS2                               00000002
PSA                               00000003
RA0                               00000000
RA1                               00000001
RA2                               00000002
RA3                               00000003
RA4                               00000004
RA5                               00000005
RA6                               00000006
RA7                               00000007
RB0                               00000000
RB1                               00000001
RB2                               00000002
RB3                               00000003
RB4                               00000004
RB5                               00000005
RB6                               00000006
RB7                               00000007
gpasm-0.13.3 beta               adc_display_24LED_bargraf_no_resistor_no_transistor_external_20mhz_serial_IO_high_intensity_version.asm5-23-2009  21:01:24          PAGE 17


LOC  OBJECT CODE     LINE SOURCE TEXT
  VALUE
 
RBIE                              00000003
RBIF                              00000000
RCIE                              00000005
RCIF                              00000005
RCREG                             0000001A
RCSTA                             00000018
RD                                00000000
RP0                               00000005
RP1                               00000006
RX9                               00000006
RX9D                              00000000
SET_RA4_HIGH                      000000F2
SPBRG                             00000099
SPEN                              00000007
SREN                              00000005
STATUS                            00000003
SYNC                              00000004
T0CS                              00000005
T0IE                              00000005
T0IF                              00000002
T0SE                              00000004
T1CKPS0                           00000004
T1CKPS1                           00000005
T1CON                             00000010
T1OSCEN                           00000003
T2CKPS0                           00000000
T2CKPS1                           00000001
T2CON                             00000012
TMR0                              00000001
TMR1CS                            00000001
TMR1H                             0000000F
TMR1IE                            00000000
TMR1IF                            00000000
TMR1L                             0000000E
TMR1ON                            00000000
TMR2                              00000011
TMR2IE                            00000001
TMR2IF                            00000001
TMR2ON                            00000002
TOUTPS0                           00000003
TOUTPS1                           00000004
TOUTPS2                           00000005
TOUTPS3                           00000006
TRISA                             00000085
TRISB                             00000086
TRMT                              00000001
TX9                               00000006
TX9D                              00000000
TXEN                              00000005
TXIE                              00000004
TXIF                              00000004
TXREG                             00000019
TXSTA                             00000098
VR0                               00000000
gpasm-0.13.3 beta               adc_display_24LED_bargraf_no_resistor_no_transistor_external_20mhz_serial_IO_high_intensity_version.asm5-23-2009  21:01:24          PAGE 18


LOC  OBJECT CODE     LINE SOURCE TEXT
  VALUE
 
VR1                               00000001
VR2                               00000002
VR3                               00000003
VRCON                             0000009F
VREN                              00000007
VROE                              00000006
VRR                               00000005
W                                 00000000
WAIT                              0000002C
WR                                00000001
WREN                              00000002
WRERR                             00000003
Z                                 00000002
_BODEN_OFF                        00003FBF
_BODEN_ON                         00003FFF
_CP_50                            00002BFF
_CP_75                            000017FF
_CP_ALL                           000003FF
_CP_OFF                           00003FFF
_DATA_CP_OFF                      00003FFF
_DATA_CP_ON                       00003EFF
_ER_OSC_CLKOUT                    00003FFF
_ER_OSC_NOCLKOUT                  00003FFE
_EXTCLK_OSC                       00003FEF
_HS_OSC                           00003FEE
_INTRC_OSC_CLKOUT                 00003FFD
_INTRC_OSC_NOCLKOUT               00003FFC
_LP_OSC                           00003FEC
_LVP_OFF                          00003F7F
_LVP_ON                           00003FFF
_MCLRE_OFF                        00003FDF
_MCLRE_ON                         00003FFF
_PWRTE_OFF                        00003FFF
_PWRTE_ON                         00003FF7
_WDT_OFF                          00003FFB
_WDT_ON                           00003FFF
_XT_OSC                           00003FED
__16F627                          00000001


MEMORY USAGE MAP ('X' = Used,  '-' = Unused)

00000000 : X---XXXXXXXXXXXX XXXXXXXXXXXXXXXX XXXXXXXXXXXXXXXX XXXXXXXXXXXXXXXX
00000040 : XXXXXXXXXXXXXXXX XXXXXXXXXXXXXXXX XXXXXXXXXXXXXXXX XXXXXXXXXXXXXXXX
00000080 : XXXXXXXXXXXXXXXX XXXXXXXXXXXXXXXX XXXXXXXXXXXXXXXX XXXXXXXXXXXXXXXX
000000c0 : XXXXXXXXXXXXXXXX XXXXXXXXXXXXXXXX XXXXXXXXXXXXXXXX XXXXXXXXXXXXXXXX
00000100 : XXXXXXXXXXXXXXXX XXXXXXXXXXXXXXXX XXXXXXXXXXXXXXXX XXXXXXXXXXXXXXXX
00000140 : XXXXXXXXXXXXXXXX XXXXXXXXXXXXXXXX XXXXXXXXXXXXXXXX XXXXXXXXXXXXXXXX
00000180 : X--------------- ---------------- ---------------- ----------------
00002000 : -------X-------- ---------------- ---------------- ----------------

All other memory blocks unused.

Program Memory Words Used: 383


Errors   :       0
Warnings :       0 reported,       0 suppressed
Messages :     145 reported,       0 suppressed

