gpasm-0.13.3 beta               adc_display_24LED_bargraf_no_resistor_no_transistor_external_20mhz_serial_IO_high_intensity_version3.asm5-23-2009  23:11:00          PAGE  1


LOC  OBJECT CODE     LINE SOURCE TEXT
  VALUE
 
               00001 ; this is somewhat slower implementation of 16bit ADC + LED bar display. 
               00002 ; instead of turning all LEDs at once, it pulses each LED for a predefined period of time.
               00003 ; this allows to use just one resistor , and as current flows via max one LED at a time, this allows aswell to get rid of 
               00004 ; external transistor. only required elements are two resistors, which are not really nessesary if one assumes that 
               00005 ; pulse current will be so short that no damage will happen to either LEDs or PIC transistors. 
               00006 
               00007 ; TODO : make RA5 useable for something. 
               00008 ; TODO : implement WDT to powerdown mode etc.
               00009 ; RA4 is OC type, and the code measures how long it takes for it to return to 1 after 0'ing. 
               00010 ; connecting _small_ capacitor and large potentiometer is recommended if you want intensity knob.
               00011 ; if you want to save parts - just put a pullup resistor of i.e. 1mohm , 100kohm, etc can be used. 
               00012 ; as meter will wait to infinity if there is no 1 on the pin, it can be also used for powerdown mode. 
               00013 ;
               00014 ; this 'high intensity' version introduces very long delay, so no additional cap is needed for RA4 to 
               00015 ; reach full brightness. if large cap is used, delay can get very long, and visible strobing and even circling
               00016 ; is visible. i've preserved it without clamping for special effects purpose :)
               00017 ;
               00018 ; this 2nd version doesn't dim leds, illuminating 1-8, then clear and next bank. apparently it seems
               00019 ; that pic can handle more than 20mA sink current, so even though the more leds the more they get dim due to common
               00020 ; sink, it seems to be only alternative to having very bright display when power consumption is not issue
               00021 ; 
               00022 
               00023 LIST            P=PIC16F627
               00024 #INCLUDE        "p16f627.inc"
               00001         LIST
               00002 ; P16F627.INC  Standard Header File, Version 1.01    Microchip Technology, Inc.
               00261         LIST
               00025 
               00026 ;        __CONFIG        _BODEN_ON & _CP_OFF & _DATA_CP_OFF & _PWRTE_ON & _WDT_OFF & _LVP_OFF & _MCLRE_OFF & _INTRC_OSC_NOCLKOUT
002007 3F42    00027         __CONFIG        _BODEN_ON & _CP_OFF & _DATA_CP_OFF & _PWRTE_ON & _WDT_OFF & _LVP_OFF & _MCLRE_OFF & _HS_OSC
               00028 
               00029 bank0           macro
               00030                 bcf     STATUS,RP0
               00031                 endm
               00032 bank1           macro
               00033                 bsf     STATUS,RP0
               00034                 endm
               00035 
  00000050     00036 DISPLAY_TEMP1   equ   0x50
  00000051     00037 DISPLAY_RESULT_1        equ   0x51
  00000052     00038 DISPLAY_RESULT_2        equ   0x52
  00000053     00039 DISPLAY_RESULT_3        equ   0x53
  00000054     00040 DISPLAY_RESULT_4        equ   0x54
  00000055     00041 INTENSITY_KNOB          equ     0x55
  00000056     00042 DELAY                   equ     0x56
  00000057     00043 DELAY2                  equ     0x57
  00000000     00044 RA0             equ 0x00
  00000001     00045 RA1             equ 0x01
  00000002     00046 RA2             equ 0x02
  00000003     00047 RA3             equ 0x03
  00000004     00048 RA4             equ 0x04
  00000005     00049 RA5             equ 0x05
  00000006     00050 RA6             equ 0x06
  00000007     00051 RA7             equ 0x07
gpasm-0.13.3 beta               adc_display_24LED_bargraf_no_resistor_no_transistor_external_20mhz_serial_IO_high_intensity_version3.asm5-23-2009  23:11:00          PAGE  2


LOC  OBJECT CODE     LINE SOURCE TEXT
  VALUE
 
               00052 
  00000000     00053 RB0             equ 0x00
  00000001     00054 RB1             equ 0x01
  00000002     00055 RB2             equ 0x02
  00000003     00056 RB3             equ 0x03
  00000004     00057 RB4             equ 0x04
  00000005     00058 RB5             equ 0x05
  00000006     00059 RB6             equ 0x06
  00000007     00060 RB7             equ 0x07
               00061 
0000           00062                 org 0            ; Reset Vector
0000 2805      00063                 goto INIT
               00064 
0004           00065                 org 4            ; Interrupt Vector
0004 2962      00066                 goto COMP
0005           00067                 org 5
               00068 
0005           00069 INIT:           bank0
0005 1283          M                 bcf     STATUS,RP0
               00070 ;               movlw b'00001101'      ; zwei komparatoren
0006 3005      00071                 movlw b'00000101'       ; one comparator 
0007 009F      00072                 movwf CMCON
               00073 ;               movlw H'14'      ; 
0008 3004      00074                 movlw b'00000100'      ; Timer 1:
               00075                                         ; 0 - TMR1ON - 0(off)
               00076                                         ; 1 - TMR1CS - 0(off) 
               00077                                         ; 2 - /T1SYNC - 1(off)
               00078                                         ; 3 - T1OSCEN - 0(off)
               00079 
               00080                                         ; 4 - T1CKPS0 - 0 
               00081                                         ; 5 - T1CKPS1 - 0 ; 1:1 prescaler
               00082                                         ; 6 - - 0 
               00083                                         ; 7 - - 0 
               00084 
0009 0090      00085                 movwf T1CON      ; A 1 MHz clock is used
000A 0185      00086                 clrf PORTA
000B 0186      00087                 clrf PORTB
               00088                 bank1
000C 1683          M                 bsf     STATUS,RP0
Message [302] : Register in operand not in bank 0. Ensure bank bits are correct.
000D 0186      00089                 clrf TRISB
               00090 ;               movlw H'CF'      ; Enable Vref = 3.6v
               00091 ;               movwf VRCON
000E 178B      00092                 bsf INTCON,GIE   ; Enable Global Int
000F 170B      00093                 bsf INTCON,PEIE  ; Unmask Peripheral Int
               00094 
               00095 
0010           00096 MAIN:
               00097 
0010 2013      00098                 call CONVERT
0011 2031      00099                 call BARGRAF_DISPLAY
               00100 
0012 2810      00101                 goto MAIN
               00102 
gpasm-0.13.3 beta               adc_display_24LED_bargraf_no_resistor_no_transistor_external_20mhz_serial_IO_high_intensity_version3.asm5-23-2009  23:11:00          PAGE  3


LOC  OBJECT CODE     LINE SOURCE TEXT
  VALUE
 
               00103 ;-------------------------16bit ADC subroutine
               00104 
0013           00105 CONVERT:        
               00106                 bank0
0013 1283          M                 bcf     STATUS,RP0
0014 018E      00107                 clrf TMR1L       ; Clear Timer 1 L
0015 018F      00108                 clrf TMR1H       ; Clear Timer 1 H
               00109 
               00110                 bank1
0016 1683          M                 bsf     STATUS,RP0
0017 100C      00111                 bcf PIR1,TMR1IF
Message [302] : Register in operand not in bank 0. Ensure bank bits are correct.
0018 1505      00112                 bsf     TRISA,2  ; set RA2 as input
               00113 
0019           00114 DISCHARGE_COMPARATOR_CAP:
               00115                 bank1            ; Main program loop
0019 1683          M                 bsf     STATUS,RP0
Message [302] : Register in operand not in bank 0. Ensure bank bits are correct.
001A 1085      00116                 bcf TRISA,1      ; Set RA1 as output
               00117                 bank0
001B 1283          M                 bcf     STATUS,RP0
001C 1085      00118                 bcf PORTA,1      ; Discharge capacitor
001D 0000      00119                 nop             ; wait 200ns
               00120                 bank1           ; another 200ns. switch bank to 1
001E 1683          M                 bsf     STATUS,RP0
Message [302] : Register in operand not in bank 0. Ensure bank bits are correct.
001F 1485      00121                 bsf     TRISA,1  ; make RA1 input, 600ns
               00122                 bank0           ; switch back to bank0 . 
0020 1283          M                 bcf     STATUS,RP0
0021 1885      00123                 btfsc   PORTA,1  ;  make sure capacitor got discharged
0022 2819      00124                 goto    DISCHARGE_COMPARATOR_CAP ; if not, go back discharging it. 
               00125                                 ; else 
0023 130C      00126                 bcf PIR1,CMIF    ; Clear comp Int flag
               00127                 bank1
0024 1683          M                 bsf     STATUS,RP0
               00128 
               00129                                 ;               bsf TRISA,1      ; Reset RA1 as input,
               00130                                  ; cap starts charging 
               00131                                 
               00132                 bank0
0025 1283          M                 bcf     STATUS,RP0
0026 1410      00133                 bsf T1CON,TMR1ON ; Start Timer 1
0027 089F      00134                 movf CMCON,f     ; Read to sync output
               00135                 bank1
0028 1683          M                 bsf     STATUS,RP0
Message [302] : Register in operand not in bank 0. Ensure bank bits are correct.
0029 140C      00136                 bsf PIE1,TMR1IE  ;unmask TMR1 interrupt 
002A 0000      00137                 nop
Message [302] : Register in operand not in bank 0. Ensure bank bits are correct.
002B 170C      00138                 bsf PIE1,CMIE    ; Unmask Comp Int
               00139 
002C 0000      00140 WAIT:           nop
Message [302] : Register in operand not in bank 0. Ensure bank bits are correct.
002D 1B0C      00141                 btfsc PIE1,CMIE  ; Wait for comp Int
gpasm-0.13.3 beta               adc_display_24LED_bargraf_no_resistor_no_transistor_external_20mhz_serial_IO_high_intensity_version3.asm5-23-2009  23:11:00          PAGE  4


LOC  OBJECT CODE     LINE SOURCE TEXT
  VALUE
 
               00142                                 ; ie wait until Int
002E 282C      00143                 goto WAIT        ; Enable bit has been
               00144                                 ; cleared
002F           00145 GETDATA:                        ; Timer 1 contains
               00146                                 ; DATA (TMR1L TMR1H)
               00147 
               00148                 bank0
002F 1283          M                 bcf     STATUS,RP0
               00149 
0030 0008      00150                 return
               00151 
               00152 ;-------------------------simple bargraf display subroutine
               00153 
0031           00154 BARGRAF_DISPLAY:
               00155                 bank0
0031 1283          M                 bcf     STATUS,RP0
               00156 ;               movfw   TMR1H           ;we get only most significiant byte
0032 080E      00157                 movfw   TMR1L           ;we get only least significiant byte (for quick testing)
               00158                                         
               00159 ;               andlw   b'11111000'     ;and most significiant nibble - this filtering is obsolete
               00160                                         
0033 00D0      00161                 movwf   DISPLAY_TEMP1   ;bit testing cannot operate on W
               00162 
               00163 
               00164                 ; RA4 has significant capacitance. let's initalise line select pins first then. 
               00165                 bank1
0034 1683          M                 bsf     STATUS,RP0
Message [302] : Register in operand not in bank 0. Ensure bank bits are correct.
0035 0186      00166                 clrf    TRISB ; we use PORTB configured as output for that
Message [302] : Register in operand not in bank 0. Ensure bank bits are correct.
0036 1205      00167                 bcf     TRISA,RA4 ; as PORTB is 8 bit, RA4 will select 3rd significant LED strip
               00168                                         ; IT REQUIRES PULL-UP POTENTIOMETER
0037 0000      00169                 nop
Message [302] : Register in operand not in bank 0. Ensure bank bits are correct.
0038 1185      00170                 bcf     TRISA,RA3 ; as PORTB is 8 BIT, RA3 will select 2nd significant LED strip
0039 0000      00171                 nop
Message [302] : Register in operand not in bank 0. Ensure bank bits are correct.
003A 1005      00172                 bcf     TRISA,RA0 ; as PORTB is 8 bit, RA0 will select 1st significant LED strip. 
               00173                 bank0 
003B 1283          M                 bcf     STATUS,RP0
003C 0186      00174                 clrf    PORTB ; switch off all LEDS .
               00175                                 ;1 used as output 'on' state
003D 1205      00176                 bcf     PORTA,RA4 ; RA4 is used for intensity delay routine. resetting . 
               00177                                 ; IT REQUIRES PULL UP AND CAPACITOR!
003E 0000      00178                 nop
003F 1585      00179                 bsf     PORTA,RA3 ; 2nd significant bar is off (LED cathodes connect to RA3 via resistor) 
0040 0000      00180                 nop
0041 1405      00181                 bsf     PORTA,RA0 ; 1st significant bar is off (LED cathodes connect to RA0 via resistor). 
0042 0000      00182                 nop 
               00183 
               00184 
               00185                 
0043 01D1      00186                 clrf    DISPLAY_RESULT_1   ;we clear last display results
0044 01D2      00187                 clrf    DISPLAY_RESULT_2  
gpasm-0.13.3 beta               adc_display_24LED_bargraf_no_resistor_no_transistor_external_20mhz_serial_IO_high_intensity_version3.asm5-23-2009  23:11:00          PAGE  5


LOC  OBJECT CODE     LINE SOURCE TEXT
  VALUE
 
0045 01D3      00188                 clrf    DISPLAY_RESULT_3                
0046 01D4      00189                 clrf    DISPLAY_RESULT_4                
               00190 
               00191 
               00192 
0047 1FD0      00193                 btfss   DISPLAY_TEMP1,7 ; if the '16' bit is set
0048 2899      00194                 goto    BIT_7_NOT
               00195                 
0049 1403      00196                 bsf     STATUS,C                ; insert 1 16 times. 
Message [305] : Using default destination of 1 (file).
004A 0DD1      00197                 rlf     DISPLAY_RESULT_1
Message [305] : Using default destination of 1 (file).
004B 0DD2      00198                 rlf     DISPLAY_RESULT_2
Message [305] : Using default destination of 1 (file).
004C 0DD3      00199                 rlf     DISPLAY_RESULT_3
Message [305] : Using default destination of 1 (file).
004D 0DD4      00200                 rlf     DISPLAY_RESULT_4                
004E 1403      00201                 bsf     STATUS,C
Message [305] : Using default destination of 1 (file).
004F 0DD1      00202                 rlf     DISPLAY_RESULT_1
Message [305] : Using default destination of 1 (file).
0050 0DD2      00203                 rlf     DISPLAY_RESULT_2
Message [305] : Using default destination of 1 (file).
0051 0DD3      00204                 rlf     DISPLAY_RESULT_3
Message [305] : Using default destination of 1 (file).
0052 0DD4      00205                 rlf     DISPLAY_RESULT_4                
0053 1403      00206                 bsf     STATUS,C
Message [305] : Using default destination of 1 (file).
0054 0DD1      00207                 rlf     DISPLAY_RESULT_1
Message [305] : Using default destination of 1 (file).
0055 0DD2      00208                 rlf     DISPLAY_RESULT_2
Message [305] : Using default destination of 1 (file).
0056 0DD3      00209                 rlf     DISPLAY_RESULT_3
Message [305] : Using default destination of 1 (file).
0057 0DD4      00210                 rlf     DISPLAY_RESULT_4                
0058 1403      00211                 bsf     STATUS,C
Message [305] : Using default destination of 1 (file).
0059 0DD1      00212                 rlf     DISPLAY_RESULT_1
Message [305] : Using default destination of 1 (file).
005A 0DD2      00213                 rlf     DISPLAY_RESULT_2
Message [305] : Using default destination of 1 (file).
005B 0DD3      00214                 rlf     DISPLAY_RESULT_3
Message [305] : Using default destination of 1 (file).
005C 0DD4      00215                 rlf     DISPLAY_RESULT_4                
005D 1403      00216                 bsf     STATUS,C
Message [305] : Using default destination of 1 (file).
005E 0DD1      00217                 rlf     DISPLAY_RESULT_1
Message [305] : Using default destination of 1 (file).
005F 0DD2      00218                 rlf     DISPLAY_RESULT_2
Message [305] : Using default destination of 1 (file).
0060 0DD3      00219                 rlf     DISPLAY_RESULT_3
Message [305] : Using default destination of 1 (file).
0061 0DD4      00220                 rlf     DISPLAY_RESULT_4                
0062 1403      00221                 bsf     STATUS,C
gpasm-0.13.3 beta               adc_display_24LED_bargraf_no_resistor_no_transistor_external_20mhz_serial_IO_high_intensity_version3.asm5-23-2009  23:11:00          PAGE  6


LOC  OBJECT CODE     LINE SOURCE TEXT
  VALUE
 
Message [305] : Using default destination of 1 (file).
0063 0DD1      00222                 rlf     DISPLAY_RESULT_1
Message [305] : Using default destination of 1 (file).
0064 0DD2      00223                 rlf     DISPLAY_RESULT_2
Message [305] : Using default destination of 1 (file).
0065 0DD3      00224                 rlf     DISPLAY_RESULT_3
Message [305] : Using default destination of 1 (file).
0066 0DD4      00225                 rlf     DISPLAY_RESULT_4                
0067 1403      00226                 bsf     STATUS,C
Message [305] : Using default destination of 1 (file).
0068 0DD1      00227                 rlf     DISPLAY_RESULT_1
Message [305] : Using default destination of 1 (file).
0069 0DD2      00228                 rlf     DISPLAY_RESULT_2
Message [305] : Using default destination of 1 (file).
006A 0DD3      00229                 rlf     DISPLAY_RESULT_3
Message [305] : Using default destination of 1 (file).
006B 0DD4      00230                 rlf     DISPLAY_RESULT_4                
006C 1403      00231                 bsf     STATUS,C
Message [305] : Using default destination of 1 (file).
006D 0DD1      00232                 rlf     DISPLAY_RESULT_1
Message [305] : Using default destination of 1 (file).
006E 0DD2      00233                 rlf     DISPLAY_RESULT_2
Message [305] : Using default destination of 1 (file).
006F 0DD3      00234                 rlf     DISPLAY_RESULT_3
Message [305] : Using default destination of 1 (file).
0070 0DD4      00235                 rlf     DISPLAY_RESULT_4                
0071 1403      00236                 bsf     STATUS,C
Message [305] : Using default destination of 1 (file).
0072 0DD1      00237                 rlf     DISPLAY_RESULT_1
Message [305] : Using default destination of 1 (file).
0073 0DD2      00238                 rlf     DISPLAY_RESULT_2
Message [305] : Using default destination of 1 (file).
0074 0DD3      00239                 rlf     DISPLAY_RESULT_3
Message [305] : Using default destination of 1 (file).
0075 0DD4      00240                 rlf     DISPLAY_RESULT_4                
0076 1403      00241                 bsf     STATUS,C
Message [305] : Using default destination of 1 (file).
0077 0DD1      00242                 rlf     DISPLAY_RESULT_1
Message [305] : Using default destination of 1 (file).
0078 0DD2      00243                 rlf     DISPLAY_RESULT_2
Message [305] : Using default destination of 1 (file).
0079 0DD3      00244                 rlf     DISPLAY_RESULT_3
Message [305] : Using default destination of 1 (file).
007A 0DD4      00245                 rlf     DISPLAY_RESULT_4                
007B 1403      00246                 bsf     STATUS,C
Message [305] : Using default destination of 1 (file).
007C 0DD1      00247                 rlf     DISPLAY_RESULT_1
Message [305] : Using default destination of 1 (file).
007D 0DD2      00248                 rlf     DISPLAY_RESULT_2
Message [305] : Using default destination of 1 (file).
007E 0DD3      00249                 rlf     DISPLAY_RESULT_3
Message [305] : Using default destination of 1 (file).
007F 0DD4      00250                 rlf     DISPLAY_RESULT_4                
0080 1403      00251                 bsf     STATUS,C
gpasm-0.13.3 beta               adc_display_24LED_bargraf_no_resistor_no_transistor_external_20mhz_serial_IO_high_intensity_version3.asm5-23-2009  23:11:00          PAGE  7


LOC  OBJECT CODE     LINE SOURCE TEXT
  VALUE
 
Message [305] : Using default destination of 1 (file).
0081 0DD1      00252                 rlf     DISPLAY_RESULT_1
Message [305] : Using default destination of 1 (file).
0082 0DD2      00253                 rlf     DISPLAY_RESULT_2
Message [305] : Using default destination of 1 (file).
0083 0DD3      00254                 rlf     DISPLAY_RESULT_3
Message [305] : Using default destination of 1 (file).
0084 0DD4      00255                 rlf     DISPLAY_RESULT_4                
0085 1403      00256                 bsf     STATUS,C
Message [305] : Using default destination of 1 (file).
0086 0DD1      00257                 rlf     DISPLAY_RESULT_1
Message [305] : Using default destination of 1 (file).
0087 0DD2      00258                 rlf     DISPLAY_RESULT_2
Message [305] : Using default destination of 1 (file).
0088 0DD3      00259                 rlf     DISPLAY_RESULT_3
Message [305] : Using default destination of 1 (file).
0089 0DD4      00260                 rlf     DISPLAY_RESULT_4                
008A 1403      00261                 bsf     STATUS,C
Message [305] : Using default destination of 1 (file).
008B 0DD1      00262                 rlf     DISPLAY_RESULT_1
Message [305] : Using default destination of 1 (file).
008C 0DD2      00263                 rlf     DISPLAY_RESULT_2
Message [305] : Using default destination of 1 (file).
008D 0DD3      00264                 rlf     DISPLAY_RESULT_3
Message [305] : Using default destination of 1 (file).
008E 0DD4      00265                 rlf     DISPLAY_RESULT_4                
008F 1403      00266                 bsf     STATUS,C
Message [305] : Using default destination of 1 (file).
0090 0DD1      00267                 rlf     DISPLAY_RESULT_1
Message [305] : Using default destination of 1 (file).
0091 0DD2      00268                 rlf     DISPLAY_RESULT_2
Message [305] : Using default destination of 1 (file).
0092 0DD3      00269                 rlf     DISPLAY_RESULT_3
Message [305] : Using default destination of 1 (file).
0093 0DD4      00270                 rlf     DISPLAY_RESULT_4                
0094 1403      00271                 bsf     STATUS,C
Message [305] : Using default destination of 1 (file).
0095 0DD1      00272                 rlf     DISPLAY_RESULT_1
Message [305] : Using default destination of 1 (file).
0096 0DD2      00273                 rlf     DISPLAY_RESULT_2
Message [305] : Using default destination of 1 (file).
0097 0DD3      00274                 rlf     DISPLAY_RESULT_3
Message [305] : Using default destination of 1 (file).
0098 0DD4      00275                 rlf     DISPLAY_RESULT_4                
               00276 
               00277 
0099           00278 BIT_7_NOT
0099 1F50      00279                 btfss   DISPLAY_TEMP1,6 ;if the '8' bit is set
009A 28C3      00280                 goto    BIT_6_NOT
009B 1403      00281                 bsf     STATUS,C
Message [305] : Using default destination of 1 (file).
009C 0DD1      00282                 rlf     DISPLAY_RESULT_1
Message [305] : Using default destination of 1 (file).
009D 0DD2      00283                 rlf     DISPLAY_RESULT_2
gpasm-0.13.3 beta               adc_display_24LED_bargraf_no_resistor_no_transistor_external_20mhz_serial_IO_high_intensity_version3.asm5-23-2009  23:11:00          PAGE  8


LOC  OBJECT CODE     LINE SOURCE TEXT
  VALUE
 
Message [305] : Using default destination of 1 (file).
009E 0DD3      00284                 rlf     DISPLAY_RESULT_3
Message [305] : Using default destination of 1 (file).
009F 0DD4      00285                 rlf     DISPLAY_RESULT_4                
00A0 1403      00286                 bsf     STATUS,C
Message [305] : Using default destination of 1 (file).
00A1 0DD1      00287                 rlf     DISPLAY_RESULT_1
Message [305] : Using default destination of 1 (file).
00A2 0DD2      00288                 rlf     DISPLAY_RESULT_2
Message [305] : Using default destination of 1 (file).
00A3 0DD3      00289                 rlf     DISPLAY_RESULT_3
Message [305] : Using default destination of 1 (file).
00A4 0DD4      00290                 rlf     DISPLAY_RESULT_4                
00A5 1403      00291                 bsf     STATUS,C
Message [305] : Using default destination of 1 (file).
00A6 0DD1      00292                 rlf     DISPLAY_RESULT_1
Message [305] : Using default destination of 1 (file).
00A7 0DD2      00293                 rlf     DISPLAY_RESULT_2
Message [305] : Using default destination of 1 (file).
00A8 0DD3      00294                 rlf     DISPLAY_RESULT_3
Message [305] : Using default destination of 1 (file).
00A9 0DD4      00295                 rlf     DISPLAY_RESULT_4                
00AA 1403      00296                 bsf     STATUS,C
Message [305] : Using default destination of 1 (file).
00AB 0DD1      00297                 rlf     DISPLAY_RESULT_1
Message [305] : Using default destination of 1 (file).
00AC 0DD2      00298                 rlf     DISPLAY_RESULT_2
Message [305] : Using default destination of 1 (file).
00AD 0DD3      00299                 rlf     DISPLAY_RESULT_3
Message [305] : Using default destination of 1 (file).
00AE 0DD4      00300                 rlf     DISPLAY_RESULT_4                
00AF 1403      00301                 bsf     STATUS,C
Message [305] : Using default destination of 1 (file).
00B0 0DD1      00302                 rlf     DISPLAY_RESULT_1
Message [305] : Using default destination of 1 (file).
00B1 0DD2      00303                 rlf     DISPLAY_RESULT_2
Message [305] : Using default destination of 1 (file).
00B2 0DD3      00304                 rlf     DISPLAY_RESULT_3
Message [305] : Using default destination of 1 (file).
00B3 0DD4      00305                 rlf     DISPLAY_RESULT_4                
00B4 1403      00306                 bsf     STATUS,C
Message [305] : Using default destination of 1 (file).
00B5 0DD1      00307                 rlf     DISPLAY_RESULT_1
Message [305] : Using default destination of 1 (file).
00B6 0DD2      00308                 rlf     DISPLAY_RESULT_2
Message [305] : Using default destination of 1 (file).
00B7 0DD3      00309                 rlf     DISPLAY_RESULT_3
Message [305] : Using default destination of 1 (file).
00B8 0DD4      00310                 rlf     DISPLAY_RESULT_4                
00B9 1403      00311                 bsf     STATUS,C
Message [305] : Using default destination of 1 (file).
00BA 0DD1      00312                 rlf     DISPLAY_RESULT_1
Message [305] : Using default destination of 1 (file).
00BB 0DD2      00313                 rlf     DISPLAY_RESULT_2
gpasm-0.13.3 beta               adc_display_24LED_bargraf_no_resistor_no_transistor_external_20mhz_serial_IO_high_intensity_version3.asm5-23-2009  23:11:00          PAGE  9


LOC  OBJECT CODE     LINE SOURCE TEXT
  VALUE
 
Message [305] : Using default destination of 1 (file).
00BC 0DD3      00314                 rlf     DISPLAY_RESULT_3
Message [305] : Using default destination of 1 (file).
00BD 0DD4      00315                 rlf     DISPLAY_RESULT_4                
00BE 1403      00316                 bsf     STATUS,C
Message [305] : Using default destination of 1 (file).
00BF 0DD1      00317                 rlf     DISPLAY_RESULT_1
Message [305] : Using default destination of 1 (file).
00C0 0DD2      00318                 rlf     DISPLAY_RESULT_2
Message [305] : Using default destination of 1 (file).
00C1 0DD3      00319                 rlf     DISPLAY_RESULT_3
Message [305] : Using default destination of 1 (file).
00C2 0DD4      00320                 rlf     DISPLAY_RESULT_4                
               00321                 
               00322                 
00C3           00323 BIT_6_NOT:
00C3 1ED0      00324                 btfss   DISPLAY_TEMP1,5 ;if the '4' bit is set
00C4 28D9      00325                 goto    BIT_5_NOT
00C5 1403      00326                 bsf     STATUS,C
Message [305] : Using default destination of 1 (file).
00C6 0DD1      00327                 rlf     DISPLAY_RESULT_1
Message [305] : Using default destination of 1 (file).
00C7 0DD2      00328                 rlf     DISPLAY_RESULT_2
Message [305] : Using default destination of 1 (file).
00C8 0DD3      00329                 rlf     DISPLAY_RESULT_3
Message [305] : Using default destination of 1 (file).
00C9 0DD4      00330                 rlf     DISPLAY_RESULT_4                
00CA 1403      00331                 bsf     STATUS,C
Message [305] : Using default destination of 1 (file).
00CB 0DD1      00332                 rlf     DISPLAY_RESULT_1
Message [305] : Using default destination of 1 (file).
00CC 0DD2      00333                 rlf     DISPLAY_RESULT_2
Message [305] : Using default destination of 1 (file).
00CD 0DD3      00334                 rlf     DISPLAY_RESULT_3
Message [305] : Using default destination of 1 (file).
00CE 0DD4      00335                 rlf     DISPLAY_RESULT_4                
00CF 1403      00336                 bsf     STATUS,C
Message [305] : Using default destination of 1 (file).
00D0 0DD1      00337                 rlf     DISPLAY_RESULT_1
Message [305] : Using default destination of 1 (file).
00D1 0DD2      00338                 rlf     DISPLAY_RESULT_2
Message [305] : Using default destination of 1 (file).
00D2 0DD3      00339                 rlf     DISPLAY_RESULT_3
Message [305] : Using default destination of 1 (file).
00D3 0DD4      00340                 rlf     DISPLAY_RESULT_4                
00D4 1403      00341                 bsf     STATUS,C
Message [305] : Using default destination of 1 (file).
00D5 0DD1      00342                 rlf     DISPLAY_RESULT_1
Message [305] : Using default destination of 1 (file).
00D6 0DD2      00343                 rlf     DISPLAY_RESULT_2
Message [305] : Using default destination of 1 (file).
00D7 0DD3      00344                 rlf     DISPLAY_RESULT_3
Message [305] : Using default destination of 1 (file).
00D8 0DD4      00345                 rlf     DISPLAY_RESULT_4                
gpasm-0.13.3 beta               adc_display_24LED_bargraf_no_resistor_no_transistor_external_20mhz_serial_IO_high_intensity_version3.asm5-23-2009  23:11:00          PAGE 10


LOC  OBJECT CODE     LINE SOURCE TEXT
  VALUE
 
00D9           00346 BIT_5_NOT:
               00347 
00D9 1E50      00348                 btfss   DISPLAY_TEMP1,4 ;if the '2' bit is set
00DA 28E5      00349                 goto    BIT_4_NOT
00DB 1403      00350                 bsf     STATUS,C
Message [305] : Using default destination of 1 (file).
00DC 0DD1      00351                 rlf     DISPLAY_RESULT_1
Message [305] : Using default destination of 1 (file).
00DD 0DD2      00352                 rlf     DISPLAY_RESULT_2
Message [305] : Using default destination of 1 (file).
00DE 0DD3      00353                 rlf     DISPLAY_RESULT_3
Message [305] : Using default destination of 1 (file).
00DF 0DD4      00354                 rlf     DISPLAY_RESULT_4                
00E0 1403      00355                 bsf     STATUS,C
Message [305] : Using default destination of 1 (file).
00E1 0DD1      00356                 rlf     DISPLAY_RESULT_1
Message [305] : Using default destination of 1 (file).
00E2 0DD2      00357                 rlf     DISPLAY_RESULT_2
Message [305] : Using default destination of 1 (file).
00E3 0DD3      00358                 rlf     DISPLAY_RESULT_3
Message [305] : Using default destination of 1 (file).
00E4 0DD4      00359                 rlf     DISPLAY_RESULT_4                
00E5           00360 BIT_4_NOT:
               00361 
00E5 1DD0      00362                 btfss   DISPLAY_TEMP1,3 ;if the '1' bit is set
00E6 28EC      00363                 goto    BIT_3_NOT
00E7 1403      00364                 bsf     STATUS,C
Message [305] : Using default destination of 1 (file).
00E8 0DD1      00365                 rlf     DISPLAY_RESULT_1
Message [305] : Using default destination of 1 (file).
00E9 0DD2      00366                 rlf     DISPLAY_RESULT_2
Message [305] : Using default destination of 1 (file).
00EA 0DD3      00367                 rlf     DISPLAY_RESULT_3
Message [305] : Using default destination of 1 (file).
00EB 0DD4      00368                 rlf     DISPLAY_RESULT_4                
00EC           00369 BIT_3_NOT:
               00370                 
               00371 ;-----------------debug-RA4 capacitance , time of discharge, quick hax
00EC 01D5      00372                 clrf    INTENSITY_KNOB
               00373 
               00374                 bank0   
00ED 1283          M                 bcf     STATUS,RP0
00EE 1605      00375                 bsf     PORTA,RA4
               00376                 bank1 
00EF 1683          M                 bsf     STATUS,RP0
Message [302] : Register in operand not in bank 0. Ensure bank bits are correct.
00F0 1605      00377                 bsf     TRISA,RA4
               00378                 bank0   
00F1 1283          M                 bcf     STATUS,RP0
               00379 
00F2           00380 SET_RA4_HIGH    
Message [305] : Using default destination of 1 (file).
00F2 0AD5      00381                 incf    INTENSITY_KNOB
00F3 1E05      00382                 btfss   PORTA,RA4
gpasm-0.13.3 beta               adc_display_24LED_bargraf_no_resistor_no_transistor_external_20mhz_serial_IO_high_intensity_version3.asm5-23-2009  23:11:00          PAGE 11


LOC  OBJECT CODE     LINE SOURCE TEXT
  VALUE
 
00F4 28F2      00383                 goto    SET_RA4_HIGH ; go back increasing INTENSITY_KNOB
               00384                                 
               00385                 bank1   
00F5 1683          M                 bsf     STATUS,RP0
Message [302] : Register in operand not in bank 0. Ensure bank bits are correct.
00F6 1205      00386                 bcf     TRISA,RA4 ; make RA4 out again
               00387                 bank0
00F7 1283          M                 bcf     STATUS,RP0
               00388 
00F8 1005      00389                 bcf     PORTA,RA0 ; least significant byte first 
               00390 
00F9 0855      00391                 movfw   INTENSITY_KNOB ; load INTENSITY_KNOB value to w. it's used by INTENSITY DELAY 
               00392                                         ;not a very ellegant way, but it helps saving one cycle per each delay 
               00393                                         ;thus reducing shortest possible delay 
               00394 
00FA 0851      00395                 movfw   DISPLAY_RESULT_1
00FB 0086      00396                 movwf   PORTB
               00397 ;               call    INTENSITY_DELAY
00FC 0855      00398                 movfw   INTENSITY_KNOB
               00399 ;               call    INTENSITY_DELAY 
00FD 1851      00400                 btfsc   DISPLAY_RESULT_1,0
00FE 214F      00401                 call    INTENSITY_DELAY
00FF 18D1      00402                 btfsc   DISPLAY_RESULT_1,1
0100 214F      00403                 call    INTENSITY_DELAY
0101 1951      00404                 btfsc   DISPLAY_RESULT_1,2
0102 214F      00405                 call    INTENSITY_DELAY
0103 19D1      00406                 btfsc   DISPLAY_RESULT_1,3
0104 214F      00407                 call    INTENSITY_DELAY
0105 1A51      00408                 btfsc   DISPLAY_RESULT_1,4
0106 214F      00409                 call    INTENSITY_DELAY
0107 1AD1      00410                 btfsc   DISPLAY_RESULT_1,5
0108 214F      00411                 call    INTENSITY_DELAY
0109 1B51      00412                 btfsc   DISPLAY_RESULT_1,6
010A 214F      00413                 call    INTENSITY_DELAY
010B 1BD1      00414                 btfsc   DISPLAY_RESULT_1,7
010C 214F      00415                 call    INTENSITY_DELAY
               00416 
010D 0186      00417                 clrf    PORTB
010E 1405      00418                 bsf     PORTA,RA0       ; less significant byte off
010F 0000      00419                 nop
0110 1185      00420                 bcf     PORTA,RA3       ; more significant byte on
               00421 
0111 0852      00422                 movfw   DISPLAY_RESULT_2
0112 0086      00423                 movwf   PORTB
               00424 ;               call    INTENSITY_DELAY
0113 0855      00425                 movfw   INTENSITY_KNOB
               00426 ;               call    INTENSITY_DELAY 
0114 1852      00427                 btfsc   DISPLAY_RESULT_2,0
0115 214F      00428                 call    INTENSITY_DELAY
0116 18D2      00429                 btfsc   DISPLAY_RESULT_2,1
0117 214F      00430                 call    INTENSITY_DELAY
0118 1952      00431                 btfsc   DISPLAY_RESULT_2,2
0119 214F      00432                 call    INTENSITY_DELAY
011A 19D2      00433                 btfsc   DISPLAY_RESULT_2,3
gpasm-0.13.3 beta               adc_display_24LED_bargraf_no_resistor_no_transistor_external_20mhz_serial_IO_high_intensity_version3.asm5-23-2009  23:11:00          PAGE 12


LOC  OBJECT CODE     LINE SOURCE TEXT
  VALUE
 
011B 214F      00434                 call    INTENSITY_DELAY
011C 1A52      00435                 btfsc   DISPLAY_RESULT_2,4
011D 214F      00436                 call    INTENSITY_DELAY
011E 1AD2      00437                 btfsc   DISPLAY_RESULT_2,5
011F 214F      00438                 call    INTENSITY_DELAY
0120 1B52      00439                 btfsc   DISPLAY_RESULT_2,6
0121 214F      00440                 call    INTENSITY_DELAY
0122 1BD2      00441                 btfsc   DISPLAY_RESULT_2,7
0123 214F      00442                 call    INTENSITY_DELAY
               00443 
0124 1585      00444                 bsf     PORTA,RA3       ; more significant byte off
               00445 
0125 0186      00446                 clrf    PORTB
0126 1C53      00447                 btfss   DISPLAY_RESULT_3,0
0127 214F      00448                 call    INTENSITY_DELAY
0128 1CD3      00449                 btfss   DISPLAY_RESULT_3,1
0129 214F      00450                 call    INTENSITY_DELAY
012A 1D53      00451                 btfss   DISPLAY_RESULT_3,2
012B 214F      00452                 call    INTENSITY_DELAY
012C 1DD3      00453                 btfss   DISPLAY_RESULT_3,3
012D 214F      00454                 call    INTENSITY_DELAY
012E 1E53      00455                 btfss   DISPLAY_RESULT_3,4
012F 214F      00456                 call    INTENSITY_DELAY
0130 1ED3      00457                 btfss   DISPLAY_RESULT_3,5
0131 214F      00458                 call    INTENSITY_DELAY
0132 1F53      00459                 btfss   DISPLAY_RESULT_3,6
0133 214F      00460                 call    INTENSITY_DELAY
0134 1FD3      00461                 btfss   DISPLAY_RESULT_3,7
0135 214F      00462                 call    INTENSITY_DELAY
               00463 
0136 1205      00464                 bcf     PORTA,RA4       ; most significant byte on
               00465 
               00466 
0137 0853      00467                 movfw   DISPLAY_RESULT_3
0138 0086      00468                 movwf   PORTB
               00469 ;               call    INTENSITY_DELAY
0139 0855      00470                 movfw   INTENSITY_KNOB
               00471 ;               call    INTENSITY_DELAY 
013A 1853      00472                 btfsc   DISPLAY_RESULT_3,0
013B 214F      00473                 call    INTENSITY_DELAY
013C 18D3      00474                 btfsc   DISPLAY_RESULT_3,1
013D 214F      00475                 call    INTENSITY_DELAY
013E 1953      00476                 btfsc   DISPLAY_RESULT_3,2
013F 214F      00477                 call    INTENSITY_DELAY
0140 19D3      00478                 btfsc   DISPLAY_RESULT_3,3
0141 214F      00479                 call    INTENSITY_DELAY
0142 1A53      00480                 btfsc   DISPLAY_RESULT_3,4
0143 214F      00481                 call    INTENSITY_DELAY
0144 1AD3      00482                 btfsc   DISPLAY_RESULT_3,5
0145 214F      00483                 call    INTENSITY_DELAY
0146 1B53      00484                 btfsc   DISPLAY_RESULT_3,6
0147 214F      00485                 call    INTENSITY_DELAY
0148 1BD3      00486                 btfsc   DISPLAY_RESULT_3,7
0149 214F      00487                 call    INTENSITY_DELAY
gpasm-0.13.3 beta               adc_display_24LED_bargraf_no_resistor_no_transistor_external_20mhz_serial_IO_high_intensity_version3.asm5-23-2009  23:11:00          PAGE 13


LOC  OBJECT CODE     LINE SOURCE TEXT
  VALUE
 
014A 1605      00488                 bsf     PORTA,RA4       ;most significant byte off
014B 0186      00489                 clrf    PORTB           
               00490 
014C 0008      00491                 return 
               00492 
               00493 
               00494 ;INTENSITY_DELAY:
               00495 
014D 0000      00496                 nop
               00497 ;               nop     ;lenght defines intensity by amount of energy pumped into each led. 
               00498 
014E 0008      00499                 return
               00500 
014F           00501 INTENSITY_DELAY:
014F 00D6      00502                 movwf   DELAY   
0150 00D7      00503                 movwf   DELAY2
0151           00504 INTENSITY_DELAY_LOOP1:
Message [305] : Using default destination of 1 (file).
0151 0BD6      00505                 decfsz  DELAY
0152 2951      00506                 goto    INTENSITY_DELAY_LOOP1
0153 00D6      00507                 movwf   DELAY
Message [305] : Using default destination of 1 (file).
0154 0BD7      00508                 decfsz  DELAY2
0155 2951      00509                 goto    INTENSITY_DELAY_LOOP1
0156 0008      00510                 return
               00511 
               00512 
               00513 ; ------------------thiiiis is theory
               00514 
               00515 ;INTENSITY_DELAY
               00516                 bank1
0157 1683          M                 bsf     STATUS,RP0
Message [302] : Register in operand not in bank 0. Ensure bank bits are correct.
0158 1085      00517                 bcf     TRISA,RA1               ; set RA1 pin as output - it should allow RA5 cap discharge by circuit 
Message [302] : Register in operand not in bank 0. Ensure bank bits are correct.
0159 1685      00518                 bsf     TRISA,RA5               ; tristate RA5 pin. it is tristate anyway, but let's make it input 
               00519                 bank0                           ; switch back to bank0 
015A 1283          M                 bcf     STATUS,RP0
015B 1085      00520                 bcf     PORTA,RA1               ; set RA1 to 0 . it should discharge RA5 cap by circuit trickery (diode :)
015C           00521 INTENSITY_DELAY1:
015C 1E85      00522                 btfss   PORTA,RA5               ; check if delay capacitor got charged, skip if yes
015D 295C      00523                 goto    INTENSITY_DELAY1        ; if no, just wait for it to happen. 
               00524 
               00525                 bank1                           ; when done switch back to bank1
015E 1683          M                 bsf     STATUS,RP0
Message [302] : Register in operand not in bank 0. Ensure bank bits are correct.
015F 1485      00526                 bsf     TRISA,RA1               ; set RA1 as input back 
               00527                 bank0
0160 1283          M                 bcf     STATUS,RP0
0161 0008      00528                 return
               00529 
               00530 
               00531 
               00532 
gpasm-0.13.3 beta               adc_display_24LED_bargraf_no_resistor_no_transistor_external_20mhz_serial_IO_high_intensity_version3.asm5-23-2009  23:11:00          PAGE 14


LOC  OBJECT CODE     LINE SOURCE TEXT
  VALUE
 
               00533 
               00534 
               00535 ;           Comparator Interrupt Service routine
               00536 
0162           00537 COMP:           bank0
0162 1283          M                 bcf     STATUS,RP0
0163 1010      00538                 bcf T1CON,TMR1ON ; Stop Timer 1
0164 130C      00539                 bcf PIR1,CMIF    ; Clear Interrupt flag
0165 0000      00540                 nop
0166 100C      00541                 bcf PIR1,TMR1IF
               00542                 bank1
0167 1683          M                 bsf     STATUS,RP0
Message [302] : Register in operand not in bank 0. Ensure bank bits are correct.
0168 130C      00543                 bcf PIE1,CMIE    ; Mask Comparator Int
0169 0000      00544                 nop
Message [302] : Register in operand not in bank 0. Ensure bank bits are correct.
016A 100C      00545                 bcf PIE1,TMR1IE
016B 0009      00546                 retfie 
gpasm-0.13.3 beta               adc_display_24LED_bargraf_no_resistor_no_transistor_external_20mhz_serial_IO_high_intensity_version3.asm5-23-2009  23:11:00          PAGE 15


SYMBOL TABLE
  LABEL                             VALUE 

ADEN                              00000003
BARGRAF_DISPLAY                   00000031
BIT_3_NOT                         000000EC
BIT_4_NOT                         000000E5
BIT_5_NOT                         000000D9
BIT_6_NOT                         000000C3
BIT_7_NOT                         00000099
BRGH                              00000002
C                                 00000000
C1INV                             00000004
C1OUT                             00000006
C2INV                             00000005
C2OUT                             00000007
CCP1CON                           00000017
CCP1IE                            00000002
CCP1IF                            00000002
CCP1M0                            00000000
CCP1M1                            00000001
CCP1M2                            00000002
CCP1M3                            00000003
CCP1X                             00000005
CCP1Y                             00000004
CCPR1H                            00000016
CCPR1L                            00000015
CIS                               00000003
CM0                               00000000
CM1                               00000001
CM2                               00000002
CMCON                             0000001F
CMIE                              00000006
CMIF                              00000006
COMP                              00000162
CONVERT                           00000013
CREN                              00000004
CSRC                              00000007
DC                                00000001
DELAY                             00000056
DELAY2                            00000057
DISCHARGE_COMPARATOR_CAP          00000019
DISPLAY_RESULT_1                  00000051
DISPLAY_RESULT_2                  00000052
DISPLAY_RESULT_3                  00000053
DISPLAY_RESULT_4                  00000054
DISPLAY_TEMP1                     00000050
EEADR                             0000009B
EECON1                            0000009C
EECON2                            0000009D
EEDATA                            0000009A
EEIE                              00000007
EEIF                              00000007
F                                 00000001
FERR                              00000002
FSR                               00000004
gpasm-0.13.3 beta               adc_display_24LED_bargraf_no_resistor_no_transistor_external_20mhz_serial_IO_high_intensity_version3.asm5-23-2009  23:11:00          PAGE 16


LOC  OBJECT CODE     LINE SOURCE TEXT
  VALUE
 
GETDATA                           0000002F
GIE                               00000007
INDF                              00000000
INIT                              00000005
INTCON                            0000000B
INTE                              00000004
INTEDG                            00000006
INTENSITY_DELAY                   0000014F
INTENSITY_DELAY1                  0000015C
INTENSITY_DELAY_LOOP1             00000151
INTENSITY_KNOB                    00000055
INTF                              00000001
IRP                               00000007
MAIN                              00000010
NOT_BO                            00000000
NOT_BOD                           00000000
NOT_BOR                           00000000
NOT_PD                            00000003
NOT_POR                           00000001
NOT_RBPU                          00000007
NOT_T1SYNC                        00000002
NOT_TO                            00000004
OERR                              00000001
OPTION_REG                        00000081
OSCF                              00000003
PCL                               00000002
PCLATH                            0000000A
PCON                              0000008E
PEIE                              00000006
PIE1                              0000008C
PIR1                              0000000C
PORTA                             00000005
PORTB                             00000006
PR2                               00000092
PS0                               00000000
PS1                               00000001
PS2                               00000002
PSA                               00000003
RA0                               00000000
RA1                               00000001
RA2                               00000002
RA3                               00000003
RA4                               00000004
RA5                               00000005
RA6                               00000006
RA7                               00000007
RB0                               00000000
RB1                               00000001
RB2                               00000002
RB3                               00000003
RB4                               00000004
RB5                               00000005
RB6                               00000006
RB7                               00000007
gpasm-0.13.3 beta               adc_display_24LED_bargraf_no_resistor_no_transistor_external_20mhz_serial_IO_high_intensity_version3.asm5-23-2009  23:11:00          PAGE 17


LOC  OBJECT CODE     LINE SOURCE TEXT
  VALUE
 
RBIE                              00000003
RBIF                              00000000
RCIE                              00000005
RCIF                              00000005
RCREG                             0000001A
RCSTA                             00000018
RD                                00000000
RP0                               00000005
RP1                               00000006
RX9                               00000006
RX9D                              00000000
SET_RA4_HIGH                      000000F2
SPBRG                             00000099
SPEN                              00000007
SREN                              00000005
STATUS                            00000003
SYNC                              00000004
T0CS                              00000005
T0IE                              00000005
T0IF                              00000002
T0SE                              00000004
T1CKPS0                           00000004
T1CKPS1                           00000005
T1CON                             00000010
T1OSCEN                           00000003
T2CKPS0                           00000000
T2CKPS1                           00000001
T2CON                             00000012
TMR0                              00000001
TMR1CS                            00000001
TMR1H                             0000000F
TMR1IE                            00000000
TMR1IF                            00000000
TMR1L                             0000000E
TMR1ON                            00000000
TMR2                              00000011
TMR2IE                            00000001
TMR2IF                            00000001
TMR2ON                            00000002
TOUTPS0                           00000003
TOUTPS1                           00000004
TOUTPS2                           00000005
TOUTPS3                           00000006
TRISA                             00000085
TRISB                             00000086
TRMT                              00000001
TX9                               00000006
TX9D                              00000000
TXEN                              00000005
TXIE                              00000004
TXIF                              00000004
TXREG                             00000019
TXSTA                             00000098
VR0                               00000000
gpasm-0.13.3 beta               adc_display_24LED_bargraf_no_resistor_no_transistor_external_20mhz_serial_IO_high_intensity_version3.asm5-23-2009  23:11:00          PAGE 18


LOC  OBJECT CODE     LINE SOURCE TEXT
  VALUE
 
VR1                               00000001
VR2                               00000002
VR3                               00000003
VRCON                             0000009F
VREN                              00000007
VROE                              00000006
VRR                               00000005
W                                 00000000
WAIT                              0000002C
WR                                00000001
WREN                              00000002
WRERR                             00000003
Z                                 00000002
_BODEN_OFF                        00003FBF
_BODEN_ON                         00003FFF
_CP_50                            00002BFF
_CP_75                            000017FF
_CP_ALL                           000003FF
_CP_OFF                           00003FFF
_DATA_CP_OFF                      00003FFF
_DATA_CP_ON                       00003EFF
_ER_OSC_CLKOUT                    00003FFF
_ER_OSC_NOCLKOUT                  00003FFE
_EXTCLK_OSC                       00003FEF
_HS_OSC                           00003FEE
_INTRC_OSC_CLKOUT                 00003FFD
_INTRC_OSC_NOCLKOUT               00003FFC
_LP_OSC                           00003FEC
_LVP_OFF                          00003F7F
_LVP_ON                           00003FFF
_MCLRE_OFF                        00003FDF
_MCLRE_ON                         00003FFF
_PWRTE_OFF                        00003FFF
_PWRTE_ON                         00003FF7
_WDT_OFF                          00003FFB
_WDT_ON                           00003FFF
_XT_OSC                           00003FED
__16F627                          00000001


MEMORY USAGE MAP ('X' = Used,  '-' = Unused)

00000000 : X---XXXXXXXXXXXX XXXXXXXXXXXXXXXX XXXXXXXXXXXXXXXX XXXXXXXXXXXXXXXX
00000040 : XXXXXXXXXXXXXXXX XXXXXXXXXXXXXXXX XXXXXXXXXXXXXXXX XXXXXXXXXXXXXXXX
00000080 : XXXXXXXXXXXXXXXX XXXXXXXXXXXXXXXX XXXXXXXXXXXXXXXX XXXXXXXXXXXXXXXX
000000c0 : XXXXXXXXXXXXXXXX XXXXXXXXXXXXXXXX XXXXXXXXXXXXXXXX XXXXXXXXXXXXXXXX
00000100 : XXXXXXXXXXXXXXXX XXXXXXXXXXXXXXXX XXXXXXXXXXXXXXXX XXXXXXXXXXXXXXXX
00000140 : XXXXXXXXXXXXXXXX XXXXXXXXXXXXXXXX XXXXXXXXXXXX---- ----------------
00002000 : -------X-------- ---------------- ---------------- ----------------

All other memory blocks unused.

Program Memory Words Used: 362


Errors   :       0
Warnings :       0 reported,       0 suppressed
Messages :     145 reported,       0 suppressed

